This file contains any messages produced by compilers while
running configure, to aid debugging if configure makes a mistake.

It was created by ESPRESSO configure 7.3.1, which was
generated by GNU Autoconf 2.69.  Invocation command line was

  $ ./install/configure 

## --------- ##
## Platform. ##
## --------- ##

hostname = logc0007
uname -m = x86_64
uname -r = 4.18.0-477.27.1.el8_8.x86_64
uname -s = Linux
uname -v = #1 SMP Thu Aug 31 10:29:22 EDT 2023

/usr/bin/uname -p = x86_64
/bin/uname -X     = unknown

/bin/arch              = x86_64
/usr/bin/arch -k       = unknown
/usr/convex/getsysinfo = unknown
/usr/bin/hostinfo      = unknown
/bin/machine           = unknown
/usr/bin/oslevel       = unknown
/bin/universe          = unknown

PATH: /shared/apps/.intel/2022/intelmpi/2022.1/mpi/latest/libfabric/bin
PATH: /shared/apps/.intel/2022/intelmpi/2022.1/mpi/latest/bin
PATH: /shared/apps/intel/2022.1/dpcpp-ct/2021.1.1/bin
PATH: /shared/apps/intel/2022.1/dev-utilities/2021.1.1/bin
PATH: /shared/apps/intel/2022.1/compiler/latest/linux/ioc/bin
PATH: /shared/apps/intel/2022.1/compiler/latest/linux/bin
PATH: /shared/apps/intel/2022.1/compiler/latest/linux/bin/intel64
PATH: /shared/apps/intel/2022.1/compiler/latest/linux/bin-llvm
PATH: /shared/apps/intel/2022.1/compiler/latest/linux/lib/oclfpga/bin
PATH: /shared/apps/intel/2022.1/compiler/latest/linux/lib/oclfpga/llvm/aocl-bin
PATH: /shared/apps/intel/2022.1/vtune/latest/bin64
PATH: /shared/apps/intel/2022.1/vpl/latest/bin
PATH: /shared/apps/intel/2022.1/mkl/latest/bin/intel64
PATH: /shared/apps/intel/2022.1/itac/latest/bin
PATH: /shared/apps/intel/2022.1/dpcpp-ct/latest/bin
PATH: /shared/apps/intel/2022.1/debugger/latest/gdb/intel64/bin
PATH: /shared/apps/intel/2022.1/intelpython/latest/condabin
PATH: /shared/apps/intel/2022.1/intelpython/latest/bin
PATH: /shared/apps/intel/2022.1/clck/latest/bin/intel64
PATH: /shared/bin
PATH: /usr/share/Modules/bin
PATH: /usr/condabin
PATH: /usr/local/bin
PATH: /usr/bin
PATH: /usr/local/sbin
PATH: /usr/sbin
PATH: /opt/slurm/current/bin
PATH: /usr/lpp/mmfs/bin


## ----------- ##
## Core tests. ##
## ----------- ##

configure:2183: checking build system type
configure:2197: result: x86_64-pc-linux-gnu
configure:2221: checking ARCH
configure:2275: result: x86_64
configure:2295: checking setting AR... 
configure:2301: result: ar
configure:2306: checking setting ARFLAGS... 
configure:2312: result: ruv
configure:2447: checking for Fortran compiler version
configure:2456: /shared/apps/.intel/2022/intelmpi/2022.1/mpi/latest/bin/mpiifort --version >&5
ifx (IFORT) 2022.0.0 20211123
Copyright (C) 1985-2021 Intel Corporation. All rights reserved.

configure:2467: $? = 0
configure:2456: /shared/apps/.intel/2022/intelmpi/2022.1/mpi/latest/bin/mpiifort -v >&5
mpiifort for the Intel(R) MPI Library 2021.5 for Linux*
Copyright Intel Corporation.
ifx version 2022.0.0
configure:2467: $? = 0
configure:2456: /shared/apps/.intel/2022/intelmpi/2022.1/mpi/latest/bin/mpiifort -V >&5
Intel(R) Fortran Compiler for applications running on Intel(R) 64, Version 2022.0.0 Build 20211123
Copyright (C) 1985-2021 Intel Corporation. All rights reserved.

configure:2467: $? = 0
configure:2456: /shared/apps/.intel/2022/intelmpi/2022.1/mpi/latest/bin/mpiifort -qversion >&5
ifx: command line warning #10006: ignoring unknown option '-qversion'
/shared/apps/intel/2022.1/compiler/2022.0.2/linux/lib_lin/for_main.o: In function `main':
for_main.c:(.text+0x2e): undefined reference to `MAIN__'
configure:2467: $? = 1
configure:2482: checking whether the Fortran compiler works
configure:2504: /shared/apps/.intel/2022/intelmpi/2022.1/mpi/latest/bin/mpiifort    conftest.f  >&5
configure:2508: $? = 0
configure:2556: result: yes
configure:2559: checking for Fortran compiler default output file name
configure:2561: result: a.out
configure:2567: checking for suffix of executables
configure:2574: /shared/apps/.intel/2022/intelmpi/2022.1/mpi/latest/bin/mpiifort -o conftest    conftest.f  >&5
configure:2578: $? = 0
configure:2600: result: 
configure:2616: checking whether we are cross compiling
configure:2624: /shared/apps/.intel/2022/intelmpi/2022.1/mpi/latest/bin/mpiifort -o conftest    conftest.f  >&5
configure:2628: $? = 0
configure:2635: ./conftest
configure:2639: $? = 0
configure:2654: result: no
configure:2659: checking for suffix of object files
configure:2675: /shared/apps/.intel/2022/intelmpi/2022.1/mpi/latest/bin/mpiifort -c   conftest.f >&5
configure:2679: $? = 0
configure:2700: result: o
configure:2708: checking whether we are using the GNU Fortran compiler
configure:2721: /shared/apps/.intel/2022/intelmpi/2022.1/mpi/latest/bin/mpiifort -c   conftest.F >&5
conftest.F(3): error #5082: Syntax error, found END-OF-STATEMENT when expecting one of: ( : % [ . = =>
       choke me
---------------^
conftest.F(3): error #6218: This statement is positioned incorrectly and/or has syntax errors.
       choke me
-------^
compilation aborted for conftest.F (code 1)
configure:2721: $? = 1
configure: failed program was:
|       program main
| #ifndef __GNUC__
|        choke me
| #endif
| 
|       end
configure:2730: result: no
configure:2736: checking whether /shared/apps/.intel/2022/intelmpi/2022.1/mpi/latest/bin/mpiifort accepts -g
configure:2747: /shared/apps/.intel/2022/intelmpi/2022.1/mpi/latest/bin/mpiifort -c -g  conftest.f >&5
configure:2747: $? = 0
configure:2755: result: yes
configure:2788: checking for Fortran flag to compile .f90 files
configure:2808: /shared/apps/.intel/2022/intelmpi/2022.1/mpi/latest/bin/mpiifort -c -g  conftest.f90 >&5
configure:2808: $? = 0
configure:2817: result: none
configure:2998: checking for mpiifx
configure:3028: result: no
configure:2998: checking for mpiifort
configure:3014: found /shared/apps/.intel/2022/intelmpi/2022.1/mpi/latest/bin/mpiifort
configure:3025: result: mpiifort
configure:3051: checking for Fortran compiler version
configure:3060: mpiifort --version >&5
ifx (IFORT) 2022.0.0 20211123
Copyright (C) 1985-2021 Intel Corporation. All rights reserved.

configure:3071: $? = 0
configure:3060: mpiifort -v >&5
mpiifort for the Intel(R) MPI Library 2021.5 for Linux*
Copyright Intel Corporation.
ifx version 2022.0.0
configure:3071: $? = 0
configure:3060: mpiifort -V >&5
Intel(R) Fortran Compiler for applications running on Intel(R) 64, Version 2022.0.0 Build 20211123
Copyright (C) 1985-2021 Intel Corporation. All rights reserved.

configure:3071: $? = 0
configure:3060: mpiifort -qversion >&5
ifx: command line warning #10006: ignoring unknown option '-qversion'
/shared/apps/intel/2022.1/compiler/2022.0.2/linux/lib_lin/for_main.o: In function `main':
for_main.c:(.text+0x2e): undefined reference to `MAIN__'
configure:3071: $? = 1
configure:3080: checking whether we are using the GNU Fortran compiler
configure:3093: mpiifort -c -g  conftest.F >&5
conftest.F(3): error #5082: Syntax error, found END-OF-STATEMENT when expecting one of: ( : % [ . = =>
       choke me
---------------^
conftest.F(3): error #6218: This statement is positioned incorrectly and/or has syntax errors.
       choke me
-------^
compilation aborted for conftest.F (code 1)
configure:3093: $? = 1
configure: failed program was:
|       program main
| #ifndef __GNUC__
|        choke me
| #endif
| 
|       end
configure:3102: result: no
configure:3108: checking whether mpiifort accepts -g
configure:3119: mpiifort -c -g  conftest.f90 >&5
configure:3119: $? = 0
configure:3127: result: yes
configure:3279: WARNING: Check whether user-supplied F90 is consistent with MPIF90 !!! 
configure:3435: checking for C compiler version
configure:3444: /shared/apps/.intel/2022/intelmpi/2022.1/mpi/latest/bin/mpiicc --version >&5
Intel(R) oneAPI DPC++/C++ Compiler 2022.0.0 (2022.0.0.20211123)
Target: x86_64-unknown-linux-gnu
Thread model: posix
InstalledDir: /shared/apps/intel/2022.1/compiler/2022.0.2/linux/bin-llvm
configure:3455: $? = 0
configure:3444: /shared/apps/.intel/2022/intelmpi/2022.1/mpi/latest/bin/mpiicc -v >&5
mpiicc for the Intel(R) MPI Library 2021.5 for Linux*
Copyright Intel Corporation.
Intel(R) oneAPI DPC++/C++ Compiler 2022.0.0 (2022.0.0.20211123)
Target: x86_64-unknown-linux-gnu
Thread model: posix
InstalledDir: /shared/apps/intel/2022.1/compiler/2022.0.2/linux/bin-llvm
Found candidate GCC installation: /usr/lib/gcc/x86_64-redhat-linux/8
Selected GCC installation: /usr/lib/gcc/x86_64-redhat-linux/8
Candidate multilib: .;@m64
Candidate multilib: 32;@m32
Selected multilib: .;@m64
clang: warning: argument unused during compilation: '-I /shared/apps/.intel/2022/intelmpi/2022.1/mpi/latest/include' [-Wunused-command-line-argument]
... rest of stderr output deleted ...
configure:3455: $? = 0
configure:3444: /shared/apps/.intel/2022/intelmpi/2022.1/mpi/latest/bin/mpiicc -V >&5
Intel(R) oneAPI DPC++/C++ Compiler for applications running on Intel(R) 64, Version 2022.0.0 Build 20211123
Copyright (C) 1985-2021 Intel Corporation. All rights reserved.

configure:3455: $? = 0
configure:3444: /shared/apps/.intel/2022/intelmpi/2022.1/mpi/latest/bin/mpiicc -qversion >&5
clang: error: unknown argument '-qversion'; did you mean '--version'?
configure:3455: $? = 1
configure:3459: checking whether we are using the GNU C compiler
configure:3478: /shared/apps/.intel/2022/intelmpi/2022.1/mpi/latest/bin/mpiicc -c   conftest.c >&5
configure:3478: $? = 0
configure:3487: result: yes
configure:3496: checking whether /shared/apps/.intel/2022/intelmpi/2022.1/mpi/latest/bin/mpiicc accepts -g
configure:3516: /shared/apps/.intel/2022/intelmpi/2022.1/mpi/latest/bin/mpiicc -c -g  conftest.c >&5
configure:3516: $? = 0
configure:3557: result: yes
configure:3574: checking for /shared/apps/.intel/2022/intelmpi/2022.1/mpi/latest/bin/mpiicc option to accept ISO C89
configure:3637: /shared/apps/.intel/2022/intelmpi/2022.1/mpi/latest/bin/mpiicc  -c -g -O2  conftest.c >&5
configure:3637: $? = 0
configure:3650: result: none needed
configure:4233: checking whether make sets $(MAKE)
configure:4255: result: yes
configure:4383: checking for library containing dgemm
configure:4401: mpiifort -o conftest -g      conftest.f90  >&5
/tmp/ifxI3m1GE.o: In function `dgemm_.void':
conftest.f90:(.text+0x37): undefined reference to `dgemm_'
configure:4401: $? = 1
configure: failed program was:
|       program main
|       call dgemm
|       end
configure:4418: result: no
configure:4383: checking for library containing dgemm
configure:4401: mpiifort -o conftest -g   -L/shared/apps/intel/2022.1/mkl/latest/lib/intel64  conftest.f90  >&5
/tmp/ifxsm2H58.o: In function `dgemm_.void':
conftest.f90:(.text+0x37): undefined reference to `dgemm_'
configure:4401: $? = 1
configure: failed program was:
|       program main
|       call dgemm
|       end
configure:4418: result: no
configure:4383: checking for library containing dgemm
configure:4401: mpiifort -o conftest -g   -L/shared/apps/.intel/2022/.intelmpi/2022/scalapack/2.2.0/lib  conftest.f90  >&5
/tmp/ifx3oboMp.o: In function `dgemm_.void':
conftest.f90:(.text+0x37): undefined reference to `dgemm_'
configure:4401: $? = 1
configure: failed program was:
|       program main
|       call dgemm
|       end
configure:4418: result: no
configure:4383: checking for library containing dgemm
configure:4401: mpiifort -o conftest -g   -L/shared/apps/.intel/2022/lapack/3.10.0/lib  conftest.f90  >&5
/tmp/ifxO7ABvC.o: In function `dgemm_.void':
conftest.f90:(.text+0x37): undefined reference to `dgemm_'
configure:4401: $? = 1
configure: failed program was:
|       program main
|       call dgemm
|       end
configure:4418: result: no
configure:4383: checking for library containing dgemm
configure:4401: mpiifort -o conftest -g   -L/shared/apps/.intel/2022/intelmpi/2022.1/mpi/latest/libfabric/lib  conftest.f90  >&5
/tmp/ifxIBXkG1.o: In function `dgemm_.void':
conftest.f90:(.text+0x37): undefined reference to `dgemm_'
configure:4401: $? = 1
configure: failed program was:
|       program main
|       call dgemm
|       end
configure:4418: result: no
configure:4383: checking for library containing dgemm
configure:4401: mpiifort -o conftest -g   -L/shared/apps/.intel/2022/intelmpi/2022.1/mpi/latest/lib/release  conftest.f90  >&5
/tmp/ifxnh1UB2.o: In function `dgemm_.void':
conftest.f90:(.text+0x37): undefined reference to `dgemm_'
configure:4401: $? = 1
configure: failed program was:
|       program main
|       call dgemm
|       end
configure:4418: result: no
configure:4383: checking for library containing dgemm
configure:4401: mpiifort -o conftest -g   -L/shared/apps/.intel/2022/intelmpi/2022.1/mpi/latest/lib  conftest.f90  >&5
/tmp/ifxmFSbDr.o: In function `dgemm_.void':
conftest.f90:(.text+0x37): undefined reference to `dgemm_'
configure:4401: $? = 1
configure: failed program was:
|       program main
|       call dgemm
|       end
configure:4418: result: no
configure:4383: checking for library containing dgemm
configure:4401: mpiifort -o conftest -g   -L/shared/apps/intel/2022.1/dnnl/2021.1.1/cpu_dpcpp_gpu_dpcpp/lib  conftest.f90  >&5
/tmp/ifxH6GoOl.o: In function `dgemm_.void':
conftest.f90:(.text+0x37): undefined reference to `dgemm_'
configure:4401: $? = 1
configure: failed program was:
|       program main
|       call dgemm
|       end
configure:4418: result: no
configure:4383: checking for library containing dgemm
configure:4401: mpiifort -o conftest -g   -L/shared/apps/intel/2022.1/compiler/latest/linux/compiler/lib  conftest.f90  >&5
/tmp/ifxDEG1i8.o: In function `dgemm_.void':
conftest.f90:(.text+0x37): undefined reference to `dgemm_'
configure:4401: $? = 1
configure: failed program was:
|       program main
|       call dgemm
|       end
configure:4418: result: no
configure:4383: checking for library containing dgemm
configure:4401: mpiifort -o conftest -g   -L/shared/apps/intel/2022.1/compiler/latest/linux/compiler/lib/intel64_lin  conftest.f90  >&5
/tmp/ifxgNmjyz.o: In function `dgemm_.void':
conftest.f90:(.text+0x37): undefined reference to `dgemm_'
configure:4401: $? = 1
configure: failed program was:
|       program main
|       call dgemm
|       end
configure:4418: result: no
configure:4383: checking for library containing dgemm
configure:4401: mpiifort -o conftest -g   -L/shared/apps/intel/2022.1/compiler/latest/linux/lib/oclfpga/linux64/lib  conftest.f90  >&5
/tmp/ifxq7jhq7.o: In function `dgemm_.void':
conftest.f90:(.text+0x37): undefined reference to `dgemm_'
configure:4401: $? = 1
configure: failed program was:
|       program main
|       call dgemm
|       end
configure:4418: result: no
configure:4383: checking for library containing dgemm
configure:4401: mpiifort -o conftest -g   -L/shared/apps/intel/2022.1/compiler/latest/linux/lib/oclfpga/host/linux64/lib  conftest.f90  >&5
/tmp/ifxFlVEaN.o: In function `dgemm_.void':
conftest.f90:(.text+0x37): undefined reference to `dgemm_'
configure:4401: $? = 1
configure: failed program was:
|       program main
|       call dgemm
|       end
configure:4418: result: no
configure:4383: checking for library containing dgemm
configure:4401: mpiifort -o conftest -g   -L/shared/apps/intel/2022.1/compiler/latest/linux/lib/emu  conftest.f90  >&5
/tmp/ifxE06Kvn.o: In function `dgemm_.void':
conftest.f90:(.text+0x37): undefined reference to `dgemm_'
configure:4401: $? = 1
configure: failed program was:
|       program main
|       call dgemm
|       end
configure:4418: result: no
configure:4383: checking for library containing dgemm
configure:4401: mpiifort -o conftest -g   -L/shared/apps/intel/2022.1/compiler/latest/linux/lib/x64  conftest.f90  >&5
/tmp/ifxBRgCIC.o: In function `dgemm_.void':
conftest.f90:(.text+0x37): undefined reference to `dgemm_'
configure:4401: $? = 1
configure: failed program was:
|       program main
|       call dgemm
|       end
configure:4418: result: no
configure:4383: checking for library containing dgemm
configure:4401: mpiifort -o conftest -g   -L/shared/apps/intel/2022.1/compiler/latest/linux/lib  conftest.f90  >&5
/tmp/ifxNaXM91.o: In function `dgemm_.void':
conftest.f90:(.text+0x37): undefined reference to `dgemm_'
configure:4401: $? = 1
configure: failed program was:
|       program main
|       call dgemm
|       end
configure:4418: result: no
configure:4383: checking for library containing dgemm
configure:4401: mpiifort -o conftest -g   -L/shared/apps/intel/2022.1/vpl/latest/lib  conftest.f90  >&5
/tmp/ifxVrIiou.o: In function `dgemm_.void':
conftest.f90:(.text+0x37): undefined reference to `dgemm_'
configure:4401: $? = 1
configure: failed program was:
|       program main
|       call dgemm
|       end
configure:4418: result: no
configure:4383: checking for library containing dgemm
configure:4401: mpiifort -o conftest -g   -L/shared/apps/intel/2022.1/tbb/latest/env/../lib/intel64/gcc4.8  conftest.f90  >&5
/tmp/ifxgbFjaM.o: In function `dgemm_.void':
conftest.f90:(.text+0x37): undefined reference to `dgemm_'
configure:4401: $? = 1
configure: failed program was:
|       program main
|       call dgemm
|       end
configure:4418: result: no
configure:4383: checking for library containing dgemm
configure:4401: mpiifort -o conftest -g   -L/shared/apps/intel/2022.1/mkl/latest/lib/intel64  conftest.f90  >&5
/tmp/ifx3BAh00.o: In function `dgemm_.void':
conftest.f90:(.text+0x37): undefined reference to `dgemm_'
configure:4401: $? = 1
configure: failed program was:
|       program main
|       call dgemm
|       end
configure:4418: result: no
configure:4383: checking for library containing dgemm
configure:4401: mpiifort -o conftest -g   -L/shared/apps/intel/2022.1/itac/latest/slib  conftest.f90  >&5
/tmp/ifxmsPyl1.o: In function `dgemm_.void':
conftest.f90:(.text+0x37): undefined reference to `dgemm_'
configure:4401: $? = 1
configure: failed program was:
|       program main
|       call dgemm
|       end
configure:4418: result: no
configure:4383: checking for library containing dgemm
configure:4401: mpiifort -o conftest -g   -L/shared/apps/intel/2022.1/ippcp/latest/lib/intel64  conftest.f90  >&5
/tmp/ifxX28wWj.o: In function `dgemm_.void':
conftest.f90:(.text+0x37): undefined reference to `dgemm_'
configure:4401: $? = 1
configure: failed program was:
|       program main
|       call dgemm
|       end
configure:4418: result: no
configure:4383: checking for library containing dgemm
configure:4401: mpiifort -o conftest -g   -L/shared/apps/intel/2022.1/ipp/latest/lib/intel64  conftest.f90  >&5
/tmp/ifxfbgcp4.o: In function `dgemm_.void':
conftest.f90:(.text+0x37): undefined reference to `dgemm_'
configure:4401: $? = 1
configure: failed program was:
|       program main
|       call dgemm
|       end
configure:4418: result: no
configure:4383: checking for library containing dgemm
configure:4401: mpiifort -o conftest -g   -L/shared/apps/intel/2022.1/dnnl/latest/lib  conftest.f90  >&5
/tmp/ifxFzDqLZ.o: In function `dgemm_.void':
conftest.f90:(.text+0x37): undefined reference to `dgemm_'
configure:4401: $? = 1
configure: failed program was:
|       program main
|       call dgemm
|       end
configure:4418: result: no
configure:4383: checking for library containing dgemm
configure:4401: mpiifort -o conftest -g   -L/shared/apps/intel/2022.1/debugger/latest/gdb/intel64/lib  conftest.f90  >&5
/tmp/ifxeZk0AT.o: In function `dgemm_.void':
conftest.f90:(.text+0x37): undefined reference to `dgemm_'
configure:4401: $? = 1
configure: failed program was:
|       program main
|       call dgemm
|       end
configure:4418: result: no
configure:4383: checking for library containing dgemm
configure:4401: mpiifort -o conftest -g   -L/shared/apps/intel/2022.1/debugger/latest/libipt/intel64/lib  conftest.f90  >&5
/tmp/ifxLGmuoY.o: In function `dgemm_.void':
conftest.f90:(.text+0x37): undefined reference to `dgemm_'
configure:4401: $? = 1
configure: failed program was:
|       program main
|       call dgemm
|       end
configure:4418: result: no
configure:4383: checking for library containing dgemm
configure:4401: mpiifort -o conftest -g   -L/shared/apps/intel/2022.1/debugger/latest/dep/lib  conftest.f90  >&5
/tmp/ifxYo8eE5.o: In function `dgemm_.void':
conftest.f90:(.text+0x37): undefined reference to `dgemm_'
configure:4401: $? = 1
configure: failed program was:
|       program main
|       call dgemm
|       end
configure:4418: result: no
configure:4383: checking for library containing dgemm
configure:4401: mpiifort -o conftest -g   -L/shared/apps/intel/2022.1/dal/latest/lib/intel64  conftest.f90  >&5
/tmp/ifxrCUh6Z.o: In function `dgemm_.void':
conftest.f90:(.text+0x37): undefined reference to `dgemm_'
configure:4401: $? = 1
configure: failed program was:
|       program main
|       call dgemm
|       end
configure:4418: result: no
configure:4383: checking for library containing dgemm
configure:4401: mpiifort -o conftest -g   -L/shared/apps/intel/2022.1/ccl/latest/lib/cpu_gpu_dpcpp  conftest.f90  >&5
/tmp/ifxZd4ECZ.o: In function `dgemm_.void':
conftest.f90:(.text+0x37): undefined reference to `dgemm_'
configure:4401: $? = 1
configure: failed program was:
|       program main
|       call dgemm
|       end
configure:4418: result: no
configure:4383: checking for library containing dgemm
configure:4401: mpiifort -o conftest -g   -L/opt/slurm/current/lib  conftest.f90  >&5
/tmp/ifxZBls4I.o: In function `dgemm_.void':
conftest.f90:(.text+0x37): undefined reference to `dgemm_'
configure:4401: $? = 1
configure: failed program was:
|       program main
|       call dgemm
|       end
configure:4418: result: no
configure:4383: checking for library containing dgemm
configure:4401: mpiifort -o conftest -g   -L/opt/slurm/current/lib/slurm  conftest.f90  >&5
/tmp/ifxTZl3aw.o: In function `dgemm_.void':
conftest.f90:(.text+0x37): undefined reference to `dgemm_'
configure:4401: $? = 1
configure: failed program was:
|       program main
|       call dgemm
|       end
configure:4418: result: no
configure:5034: checking for library containing dgemm
configure:5052: mpiifort -o conftest -g    conftest.f90 -latlas >&5
ld: cannot find -latlas
configure:5052: $? = 1
configure: failed program was:
|       program main
|       call dgemm
|       end
configure:5052: mpiifort -o conftest -g    conftest.f90 -lf77blas -lg2c -latlas >&5
ld: cannot find -lf77blas
ld: cannot find -lg2c
ld: cannot find -latlas
configure:5052: $? = 1
configure: failed program was:
|       program main
|       call dgemm
|       end
configure:5069: result: no
configure:5034: checking for library containing dgemm
configure:5052: mpiifort -o conftest -g  -L/usr/local/lib  conftest.f90 -latlas >&5
ld: cannot find -latlas
configure:5052: $? = 1
configure: failed program was:
|       program main
|       call dgemm
|       end
configure:5052: mpiifort -o conftest -g  -L/usr/local/lib  conftest.f90 -lf77blas -lg2c -latlas >&5
ld: cannot find -lf77blas
ld: cannot find -lg2c
ld: cannot find -latlas
configure:5052: $? = 1
configure: failed program was:
|       program main
|       call dgemm
|       end
configure:5069: result: no
configure:5034: checking for library containing dgemm
configure:5052: mpiifort -o conftest -g  -L/shared/apps/.intel/2022/.intelmpi/2022/scalapack/2.2.0/lib  conftest.f90 -latlas >&5
ld: cannot find -latlas
configure:5052: $? = 1
configure: failed program was:
|       program main
|       call dgemm
|       end
configure:5052: mpiifort -o conftest -g  -L/shared/apps/.intel/2022/.intelmpi/2022/scalapack/2.2.0/lib  conftest.f90 -lf77blas -lg2c -latlas >&5
ld: cannot find -lf77blas
ld: cannot find -lg2c
ld: cannot find -latlas
configure:5052: $? = 1
configure: failed program was:
|       program main
|       call dgemm
|       end
configure:5069: result: no
configure:5034: checking for library containing dgemm
configure:5052: mpiifort -o conftest -g  -L/shared/apps/.intel/2022/lapack/3.10.0/lib  conftest.f90 -latlas >&5
ld: cannot find -latlas
configure:5052: $? = 1
configure: failed program was:
|       program main
|       call dgemm
|       end
configure:5052: mpiifort -o conftest -g  -L/shared/apps/.intel/2022/lapack/3.10.0/lib  conftest.f90 -lf77blas -lg2c -latlas >&5
ld: cannot find -lf77blas
ld: cannot find -lg2c
ld: cannot find -latlas
configure:5052: $? = 1
configure: failed program was:
|       program main
|       call dgemm
|       end
configure:5069: result: no
configure:5034: checking for library containing dgemm
configure:5052: mpiifort -o conftest -g  -L/shared/apps/.intel/2022/intelmpi/2022.1/mpi/latest/libfabric/lib  conftest.f90 -latlas >&5
ld: cannot find -latlas
configure:5052: $? = 1
configure: failed program was:
|       program main
|       call dgemm
|       end
configure:5052: mpiifort -o conftest -g  -L/shared/apps/.intel/2022/intelmpi/2022.1/mpi/latest/libfabric/lib  conftest.f90 -lf77blas -lg2c -latlas >&5
ld: cannot find -lf77blas
ld: cannot find -lg2c
ld: cannot find -latlas
configure:5052: $? = 1
configure: failed program was:
|       program main
|       call dgemm
|       end
configure:5069: result: no
configure:5034: checking for library containing dgemm
configure:5052: mpiifort -o conftest -g  -L/shared/apps/.intel/2022/intelmpi/2022.1/mpi/latest/lib/release  conftest.f90 -latlas >&5
ld: cannot find -latlas
configure:5052: $? = 1
configure: failed program was:
|       program main
|       call dgemm
|       end
configure:5052: mpiifort -o conftest -g  -L/shared/apps/.intel/2022/intelmpi/2022.1/mpi/latest/lib/release  conftest.f90 -lf77blas -lg2c -latlas >&5
ld: cannot find -lf77blas
ld: cannot find -lg2c
ld: cannot find -latlas
configure:5052: $? = 1
configure: failed program was:
|       program main
|       call dgemm
|       end
configure:5069: result: no
configure:5034: checking for library containing dgemm
configure:5052: mpiifort -o conftest -g  -L/shared/apps/.intel/2022/intelmpi/2022.1/mpi/latest/lib  conftest.f90 -latlas >&5
ld: cannot find -latlas
configure:5052: $? = 1
configure: failed program was:
|       program main
|       call dgemm
|       end
configure:5052: mpiifort -o conftest -g  -L/shared/apps/.intel/2022/intelmpi/2022.1/mpi/latest/lib  conftest.f90 -lf77blas -lg2c -latlas >&5
ld: cannot find -lf77blas
ld: cannot find -lg2c
ld: cannot find -latlas
configure:5052: $? = 1
configure: failed program was:
|       program main
|       call dgemm
|       end
configure:5069: result: no
configure:5034: checking for library containing dgemm
configure:5052: mpiifort -o conftest -g  -L/shared/apps/intel/2022.1/dnnl/2021.1.1/cpu_dpcpp_gpu_dpcpp/lib  conftest.f90 -latlas >&5
ld: cannot find -latlas
configure:5052: $? = 1
configure: failed program was:
|       program main
|       call dgemm
|       end
configure:5052: mpiifort -o conftest -g  -L/shared/apps/intel/2022.1/dnnl/2021.1.1/cpu_dpcpp_gpu_dpcpp/lib  conftest.f90 -lf77blas -lg2c -latlas >&5
ld: cannot find -lf77blas
ld: cannot find -lg2c
ld: cannot find -latlas
configure:5052: $? = 1
configure: failed program was:
|       program main
|       call dgemm
|       end
configure:5069: result: no
configure:5034: checking for library containing dgemm
configure:5052: mpiifort -o conftest -g  -L/shared/apps/intel/2022.1/compiler/latest/linux/compiler/lib  conftest.f90 -latlas >&5
ld: cannot find -latlas
configure:5052: $? = 1
configure: failed program was:
|       program main
|       call dgemm
|       end
configure:5052: mpiifort -o conftest -g  -L/shared/apps/intel/2022.1/compiler/latest/linux/compiler/lib  conftest.f90 -lf77blas -lg2c -latlas >&5
ld: cannot find -lf77blas
ld: cannot find -lg2c
ld: cannot find -latlas
configure:5052: $? = 1
configure: failed program was:
|       program main
|       call dgemm
|       end
configure:5069: result: no
configure:5034: checking for library containing dgemm
configure:5052: mpiifort -o conftest -g  -L/shared/apps/intel/2022.1/compiler/latest/linux/compiler/lib/intel64_lin  conftest.f90 -latlas >&5
ld: cannot find -latlas
configure:5052: $? = 1
configure: failed program was:
|       program main
|       call dgemm
|       end
configure:5052: mpiifort -o conftest -g  -L/shared/apps/intel/2022.1/compiler/latest/linux/compiler/lib/intel64_lin  conftest.f90 -lf77blas -lg2c -latlas >&5
ld: cannot find -lf77blas
ld: cannot find -lg2c
ld: cannot find -latlas
configure:5052: $? = 1
configure: failed program was:
|       program main
|       call dgemm
|       end
configure:5069: result: no
configure:5034: checking for library containing dgemm
configure:5052: mpiifort -o conftest -g  -L/shared/apps/intel/2022.1/compiler/latest/linux/lib/oclfpga/linux64/lib  conftest.f90 -latlas >&5
ld: cannot find -latlas
configure:5052: $? = 1
configure: failed program was:
|       program main
|       call dgemm
|       end
configure:5052: mpiifort -o conftest -g  -L/shared/apps/intel/2022.1/compiler/latest/linux/lib/oclfpga/linux64/lib  conftest.f90 -lf77blas -lg2c -latlas >&5
ld: cannot find -lf77blas
ld: cannot find -lg2c
ld: cannot find -latlas
configure:5052: $? = 1
configure: failed program was:
|       program main
|       call dgemm
|       end
configure:5069: result: no
configure:5034: checking for library containing dgemm
configure:5052: mpiifort -o conftest -g  -L/shared/apps/intel/2022.1/compiler/latest/linux/lib/oclfpga/host/linux64/lib  conftest.f90 -latlas >&5
ld: cannot find -latlas
configure:5052: $? = 1
configure: failed program was:
|       program main
|       call dgemm
|       end
configure:5052: mpiifort -o conftest -g  -L/shared/apps/intel/2022.1/compiler/latest/linux/lib/oclfpga/host/linux64/lib  conftest.f90 -lf77blas -lg2c -latlas >&5
ld: cannot find -lf77blas
ld: cannot find -lg2c
ld: cannot find -latlas
configure:5052: $? = 1
configure: failed program was:
|       program main
|       call dgemm
|       end
configure:5069: result: no
configure:5034: checking for library containing dgemm
configure:5052: mpiifort -o conftest -g  -L/shared/apps/intel/2022.1/compiler/latest/linux/lib/emu  conftest.f90 -latlas >&5
ld: cannot find -latlas
configure:5052: $? = 1
configure: failed program was:
|       program main
|       call dgemm
|       end
configure:5052: mpiifort -o conftest -g  -L/shared/apps/intel/2022.1/compiler/latest/linux/lib/emu  conftest.f90 -lf77blas -lg2c -latlas >&5
ld: cannot find -lf77blas
ld: cannot find -lg2c
ld: cannot find -latlas
configure:5052: $? = 1
configure: failed program was:
|       program main
|       call dgemm
|       end
configure:5069: result: no
configure:5034: checking for library containing dgemm
configure:5052: mpiifort -o conftest -g  -L/shared/apps/intel/2022.1/compiler/latest/linux/lib/x64  conftest.f90 -latlas >&5
ld: cannot find -latlas
configure:5052: $? = 1
configure: failed program was:
|       program main
|       call dgemm
|       end
configure:5052: mpiifort -o conftest -g  -L/shared/apps/intel/2022.1/compiler/latest/linux/lib/x64  conftest.f90 -lf77blas -lg2c -latlas >&5
ld: cannot find -lf77blas
ld: cannot find -lg2c
ld: cannot find -latlas
configure:5052: $? = 1
configure: failed program was:
|       program main
|       call dgemm
|       end
configure:5069: result: no
configure:5034: checking for library containing dgemm
configure:5052: mpiifort -o conftest -g  -L/shared/apps/intel/2022.1/compiler/latest/linux/lib  conftest.f90 -latlas >&5
ld: cannot find -latlas
configure:5052: $? = 1
configure: failed program was:
|       program main
|       call dgemm
|       end
configure:5052: mpiifort -o conftest -g  -L/shared/apps/intel/2022.1/compiler/latest/linux/lib  conftest.f90 -lf77blas -lg2c -latlas >&5
ld: cannot find -lf77blas
ld: cannot find -lg2c
ld: cannot find -latlas
configure:5052: $? = 1
configure: failed program was:
|       program main
|       call dgemm
|       end
configure:5069: result: no
configure:5034: checking for library containing dgemm
configure:5052: mpiifort -o conftest -g  -L/shared/apps/intel/2022.1/vpl/latest/lib  conftest.f90 -latlas >&5
ld: cannot find -latlas
configure:5052: $? = 1
configure: failed program was:
|       program main
|       call dgemm
|       end
configure:5052: mpiifort -o conftest -g  -L/shared/apps/intel/2022.1/vpl/latest/lib  conftest.f90 -lf77blas -lg2c -latlas >&5
ld: cannot find -lf77blas
ld: cannot find -lg2c
ld: cannot find -latlas
configure:5052: $? = 1
configure: failed program was:
|       program main
|       call dgemm
|       end
configure:5069: result: no
configure:5034: checking for library containing dgemm
configure:5052: mpiifort -o conftest -g  -L/shared/apps/intel/2022.1/tbb/latest/env/../lib/intel64/gcc4.8  conftest.f90 -latlas >&5
ld: cannot find -latlas
configure:5052: $? = 1
configure: failed program was:
|       program main
|       call dgemm
|       end
configure:5052: mpiifort -o conftest -g  -L/shared/apps/intel/2022.1/tbb/latest/env/../lib/intel64/gcc4.8  conftest.f90 -lf77blas -lg2c -latlas >&5
ld: cannot find -lf77blas
ld: cannot find -lg2c
ld: cannot find -latlas
configure:5052: $? = 1
configure: failed program was:
|       program main
|       call dgemm
|       end
configure:5069: result: no
configure:5034: checking for library containing dgemm
configure:5052: mpiifort -o conftest -g  -L/shared/apps/intel/2022.1/mkl/latest/lib/intel64  conftest.f90 -latlas >&5
ld: cannot find -latlas
configure:5052: $? = 1
configure: failed program was:
|       program main
|       call dgemm
|       end
configure:5052: mpiifort -o conftest -g  -L/shared/apps/intel/2022.1/mkl/latest/lib/intel64  conftest.f90 -lf77blas -lg2c -latlas >&5
ld: cannot find -lf77blas
ld: cannot find -lg2c
ld: cannot find -latlas
configure:5052: $? = 1
configure: failed program was:
|       program main
|       call dgemm
|       end
configure:5069: result: no
configure:5034: checking for library containing dgemm
configure:5052: mpiifort -o conftest -g  -L/shared/apps/intel/2022.1/itac/latest/slib  conftest.f90 -latlas >&5
ld: cannot find -latlas
configure:5052: $? = 1
configure: failed program was:
|       program main
|       call dgemm
|       end
configure:5052: mpiifort -o conftest -g  -L/shared/apps/intel/2022.1/itac/latest/slib  conftest.f90 -lf77blas -lg2c -latlas >&5
ld: cannot find -lf77blas
ld: cannot find -lg2c
ld: cannot find -latlas
configure:5052: $? = 1
configure: failed program was:
|       program main
|       call dgemm
|       end
configure:5069: result: no
configure:5034: checking for library containing dgemm
configure:5052: mpiifort -o conftest -g  -L/shared/apps/intel/2022.1/ippcp/latest/lib/intel64  conftest.f90 -latlas >&5
ld: cannot find -latlas
configure:5052: $? = 1
configure: failed program was:
|       program main
|       call dgemm
|       end
configure:5052: mpiifort -o conftest -g  -L/shared/apps/intel/2022.1/ippcp/latest/lib/intel64  conftest.f90 -lf77blas -lg2c -latlas >&5
ld: cannot find -lf77blas
ld: cannot find -lg2c
ld: cannot find -latlas
configure:5052: $? = 1
configure: failed program was:
|       program main
|       call dgemm
|       end
configure:5069: result: no
configure:5034: checking for library containing dgemm
configure:5052: mpiifort -o conftest -g  -L/shared/apps/intel/2022.1/ipp/latest/lib/intel64  conftest.f90 -latlas >&5
ld: cannot find -latlas
configure:5052: $? = 1
configure: failed program was:
|       program main
|       call dgemm
|       end
configure:5052: mpiifort -o conftest -g  -L/shared/apps/intel/2022.1/ipp/latest/lib/intel64  conftest.f90 -lf77blas -lg2c -latlas >&5
ld: cannot find -lf77blas
ld: cannot find -lg2c
ld: cannot find -latlas
configure:5052: $? = 1
configure: failed program was:
|       program main
|       call dgemm
|       end
configure:5069: result: no
configure:5034: checking for library containing dgemm
configure:5052: mpiifort -o conftest -g  -L/shared/apps/intel/2022.1/dnnl/latest/lib  conftest.f90 -latlas >&5
ld: cannot find -latlas
configure:5052: $? = 1
configure: failed program was:
|       program main
|       call dgemm
|       end
configure:5052: mpiifort -o conftest -g  -L/shared/apps/intel/2022.1/dnnl/latest/lib  conftest.f90 -lf77blas -lg2c -latlas >&5
ld: cannot find -lf77blas
ld: cannot find -lg2c
ld: cannot find -latlas
configure:5052: $? = 1
configure: failed program was:
|       program main
|       call dgemm
|       end
configure:5069: result: no
configure:5034: checking for library containing dgemm
configure:5052: mpiifort -o conftest -g  -L/shared/apps/intel/2022.1/debugger/latest/gdb/intel64/lib  conftest.f90 -latlas >&5
ld: cannot find -latlas
configure:5052: $? = 1
configure: failed program was:
|       program main
|       call dgemm
|       end
configure:5052: mpiifort -o conftest -g  -L/shared/apps/intel/2022.1/debugger/latest/gdb/intel64/lib  conftest.f90 -lf77blas -lg2c -latlas >&5
ld: cannot find -lf77blas
ld: cannot find -lg2c
ld: cannot find -latlas
configure:5052: $? = 1
configure: failed program was:
|       program main
|       call dgemm
|       end
configure:5069: result: no
configure:5034: checking for library containing dgemm
configure:5052: mpiifort -o conftest -g  -L/shared/apps/intel/2022.1/debugger/latest/libipt/intel64/lib  conftest.f90 -latlas >&5
ld: cannot find -latlas
configure:5052: $? = 1
configure: failed program was:
|       program main
|       call dgemm
|       end
configure:5052: mpiifort -o conftest -g  -L/shared/apps/intel/2022.1/debugger/latest/libipt/intel64/lib  conftest.f90 -lf77blas -lg2c -latlas >&5
ld: cannot find -lf77blas
ld: cannot find -lg2c
ld: cannot find -latlas
configure:5052: $? = 1
configure: failed program was:
|       program main
|       call dgemm
|       end
configure:5069: result: no
configure:5034: checking for library containing dgemm
configure:5052: mpiifort -o conftest -g  -L/shared/apps/intel/2022.1/debugger/latest/dep/lib  conftest.f90 -latlas >&5
ld: cannot find -latlas
configure:5052: $? = 1
configure: failed program was:
|       program main
|       call dgemm
|       end
configure:5052: mpiifort -o conftest -g  -L/shared/apps/intel/2022.1/debugger/latest/dep/lib  conftest.f90 -lf77blas -lg2c -latlas >&5
ld: cannot find -lf77blas
ld: cannot find -lg2c
ld: cannot find -latlas
configure:5052: $? = 1
configure: failed program was:
|       program main
|       call dgemm
|       end
configure:5069: result: no
configure:5034: checking for library containing dgemm
configure:5052: mpiifort -o conftest -g  -L/shared/apps/intel/2022.1/dal/latest/lib/intel64  conftest.f90 -latlas >&5
ld: cannot find -latlas
configure:5052: $? = 1
configure: failed program was:
|       program main
|       call dgemm
|       end
configure:5052: mpiifort -o conftest -g  -L/shared/apps/intel/2022.1/dal/latest/lib/intel64  conftest.f90 -lf77blas -lg2c -latlas >&5
ld: cannot find -lf77blas
ld: cannot find -lg2c
ld: cannot find -latlas
configure:5052: $? = 1
configure: failed program was:
|       program main
|       call dgemm
|       end
configure:5069: result: no
configure:5034: checking for library containing dgemm
configure:5052: mpiifort -o conftest -g  -L/shared/apps/intel/2022.1/ccl/latest/lib/cpu_gpu_dpcpp  conftest.f90 -latlas >&5
ld: cannot find -latlas
configure:5052: $? = 1
configure: failed program was:
|       program main
|       call dgemm
|       end
configure:5052: mpiifort -o conftest -g  -L/shared/apps/intel/2022.1/ccl/latest/lib/cpu_gpu_dpcpp  conftest.f90 -lf77blas -lg2c -latlas >&5
ld: cannot find -lf77blas
ld: cannot find -lg2c
ld: cannot find -latlas
configure:5052: $? = 1
configure: failed program was:
|       program main
|       call dgemm
|       end
configure:5069: result: no
configure:5034: checking for library containing dgemm
configure:5052: mpiifort -o conftest -g  -L/opt/slurm/current/lib  conftest.f90 -latlas >&5
ld: cannot find -latlas
configure:5052: $? = 1
configure: failed program was:
|       program main
|       call dgemm
|       end
configure:5052: mpiifort -o conftest -g  -L/opt/slurm/current/lib  conftest.f90 -lf77blas -lg2c -latlas >&5
ld: cannot find -lf77blas
ld: cannot find -lg2c
ld: cannot find -latlas
configure:5052: $? = 1
configure: failed program was:
|       program main
|       call dgemm
|       end
configure:5069: result: no
configure:5034: checking for library containing dgemm
configure:5052: mpiifort -o conftest -g  -L/opt/slurm/current/lib/slurm  conftest.f90 -latlas >&5
ld: cannot find -latlas
configure:5052: $? = 1
configure: failed program was:
|       program main
|       call dgemm
|       end
configure:5052: mpiifort -o conftest -g  -L/opt/slurm/current/lib/slurm  conftest.f90 -lf77blas -lg2c -latlas >&5
ld: cannot find -lf77blas
ld: cannot find -lg2c
ld: cannot find -latlas
configure:5052: $? = 1
configure: failed program was:
|       program main
|       call dgemm
|       end
configure:5069: result: no
configure:5101: checking for library containing dgemm
configure:5119: mpiifort -o conftest -g    conftest.f90  >&5
/tmp/ifxDuCXfI.o: In function `dgemm_.void':
conftest.f90:(.text+0x37): undefined reference to `dgemm_'
configure:5119: $? = 1
configure: failed program was:
|       program main
|       call dgemm
|       end
configure:5119: mpiifort -o conftest -g    conftest.f90 -lblas-3   >&5
ld: cannot find -lblas-3
configure:5119: $? = 1
configure: failed program was:
|       program main
|       call dgemm
|       end
configure:5119: mpiifort -o conftest -g    conftest.f90 -lopenblas   >&5
ld: cannot find -lopenblas
configure:5119: $? = 1
configure: failed program was:
|       program main
|       call dgemm
|       end
configure:5119: mpiifort -o conftest -g    conftest.f90 -lblas   >&5
configure:5119: $? = 0
configure:5136: result: -lblas
configure:5273: checking for library containing dspev
configure:5291: mpiifort -o conftest -g    conftest.f90  -lblas  >&5
/tmp/ifx1PMiDv.o: In function `dspev_.void':
conftest.f90:(.text+0x37): undefined reference to `dspev_'
configure:5291: $? = 1
configure: failed program was:
|       program main
|       call dspev
|       end
configure:5291: mpiifort -o conftest -g    conftest.f90 -llapack-3   -lblas  >&5
ld: cannot find -llapack-3
configure:5291: $? = 1
configure: failed program was:
|       program main
|       call dspev
|       end
configure:5291: mpiifort -o conftest -g    conftest.f90 -llapack   -lblas  >&5
configure:5291: $? = 0
configure:5308: result: -llapack
configure:5273: checking for library containing dspev
configure:5291: mpiifort -o conftest -g  -L/usr/local/lib  conftest.f90  -lblas  >&5
/tmp/ifx4Ic7du.o: In function `dspev_.void':
conftest.f90:(.text+0x37): undefined reference to `dspev_'
configure:5291: $? = 1
configure: failed program was:
|       program main
|       call dspev
|       end
configure:5291: mpiifort -o conftest -g  -L/usr/local/lib  conftest.f90 -llapack-3   -lblas  >&5
ld: cannot find -llapack-3
configure:5291: $? = 1
configure: failed program was:
|       program main
|       call dspev
|       end
configure:5291: mpiifort -o conftest -g  -L/usr/local/lib  conftest.f90 -llapack   -lblas  >&5
configure:5291: $? = 0
configure:5308: result: -llapack
configure:5273: checking for library containing dspev
configure:5291: mpiifort -o conftest -g  -L/shared/apps/.intel/2022/.intelmpi/2022/scalapack/2.2.0/lib  conftest.f90  -lblas  >&5
/tmp/ifxklaVaz.o: In function `dspev_.void':
conftest.f90:(.text+0x37): undefined reference to `dspev_'
configure:5291: $? = 1
configure: failed program was:
|       program main
|       call dspev
|       end
configure:5291: mpiifort -o conftest -g  -L/shared/apps/.intel/2022/.intelmpi/2022/scalapack/2.2.0/lib  conftest.f90 -llapack-3   -lblas  >&5
ld: cannot find -llapack-3
configure:5291: $? = 1
configure: failed program was:
|       program main
|       call dspev
|       end
configure:5291: mpiifort -o conftest -g  -L/shared/apps/.intel/2022/.intelmpi/2022/scalapack/2.2.0/lib  conftest.f90 -llapack   -lblas  >&5
configure:5291: $? = 0
configure:5308: result: -llapack
configure:5273: checking for library containing dspev
configure:5291: mpiifort -o conftest -g  -L/shared/apps/.intel/2022/lapack/3.10.0/lib  conftest.f90  -lblas  >&5
/tmp/ifxaag5tO.o: In function `dspev_.void':
conftest.f90:(.text+0x37): undefined reference to `dspev_'
configure:5291: $? = 1
configure: failed program was:
|       program main
|       call dspev
|       end
configure:5291: mpiifort -o conftest -g  -L/shared/apps/.intel/2022/lapack/3.10.0/lib  conftest.f90 -llapack-3   -lblas  >&5
ld: cannot find -llapack-3
configure:5291: $? = 1
configure: failed program was:
|       program main
|       call dspev
|       end
configure:5291: mpiifort -o conftest -g  -L/shared/apps/.intel/2022/lapack/3.10.0/lib  conftest.f90 -llapack   -lblas  >&5
configure:5291: $? = 0
configure:5308: result: -llapack
configure:5273: checking for library containing dspev
configure:5291: mpiifort -o conftest -g  -L/shared/apps/.intel/2022/intelmpi/2022.1/mpi/latest/libfabric/lib  conftest.f90  -lblas  >&5
/tmp/ifxXOsPLV.o: In function `dspev_.void':
conftest.f90:(.text+0x37): undefined reference to `dspev_'
configure:5291: $? = 1
configure: failed program was:
|       program main
|       call dspev
|       end
configure:5291: mpiifort -o conftest -g  -L/shared/apps/.intel/2022/intelmpi/2022.1/mpi/latest/libfabric/lib  conftest.f90 -llapack-3   -lblas  >&5
ld: cannot find -llapack-3
configure:5291: $? = 1
configure: failed program was:
|       program main
|       call dspev
|       end
configure:5291: mpiifort -o conftest -g  -L/shared/apps/.intel/2022/intelmpi/2022.1/mpi/latest/libfabric/lib  conftest.f90 -llapack   -lblas  >&5
configure:5291: $? = 0
configure:5308: result: -llapack
configure:5273: checking for library containing dspev
configure:5291: mpiifort -o conftest -g  -L/shared/apps/.intel/2022/intelmpi/2022.1/mpi/latest/lib/release  conftest.f90  -lblas  >&5
/tmp/ifx4hGSrM.o: In function `dspev_.void':
conftest.f90:(.text+0x37): undefined reference to `dspev_'
configure:5291: $? = 1
configure: failed program was:
|       program main
|       call dspev
|       end
configure:5291: mpiifort -o conftest -g  -L/shared/apps/.intel/2022/intelmpi/2022.1/mpi/latest/lib/release  conftest.f90 -llapack-3   -lblas  >&5
ld: cannot find -llapack-3
configure:5291: $? = 1
configure: failed program was:
|       program main
|       call dspev
|       end
configure:5291: mpiifort -o conftest -g  -L/shared/apps/.intel/2022/intelmpi/2022.1/mpi/latest/lib/release  conftest.f90 -llapack   -lblas  >&5
configure:5291: $? = 0
configure:5308: result: -llapack
configure:5273: checking for library containing dspev
configure:5291: mpiifort -o conftest -g  -L/shared/apps/.intel/2022/intelmpi/2022.1/mpi/latest/lib  conftest.f90  -lblas  >&5
/tmp/ifxZorgDN.o: In function `dspev_.void':
conftest.f90:(.text+0x37): undefined reference to `dspev_'
configure:5291: $? = 1
configure: failed program was:
|       program main
|       call dspev
|       end
configure:5291: mpiifort -o conftest -g  -L/shared/apps/.intel/2022/intelmpi/2022.1/mpi/latest/lib  conftest.f90 -llapack-3   -lblas  >&5
ld: cannot find -llapack-3
configure:5291: $? = 1
configure: failed program was:
|       program main
|       call dspev
|       end
configure:5291: mpiifort -o conftest -g  -L/shared/apps/.intel/2022/intelmpi/2022.1/mpi/latest/lib  conftest.f90 -llapack   -lblas  >&5
configure:5291: $? = 0
configure:5308: result: -llapack
configure:5273: checking for library containing dspev
configure:5291: mpiifort -o conftest -g  -L/shared/apps/intel/2022.1/dnnl/2021.1.1/cpu_dpcpp_gpu_dpcpp/lib  conftest.f90  -lblas  >&5
/tmp/ifx3vmTIE.o: In function `dspev_.void':
conftest.f90:(.text+0x37): undefined reference to `dspev_'
configure:5291: $? = 1
configure: failed program was:
|       program main
|       call dspev
|       end
configure:5291: mpiifort -o conftest -g  -L/shared/apps/intel/2022.1/dnnl/2021.1.1/cpu_dpcpp_gpu_dpcpp/lib  conftest.f90 -llapack-3   -lblas  >&5
ld: cannot find -llapack-3
configure:5291: $? = 1
configure: failed program was:
|       program main
|       call dspev
|       end
configure:5291: mpiifort -o conftest -g  -L/shared/apps/intel/2022.1/dnnl/2021.1.1/cpu_dpcpp_gpu_dpcpp/lib  conftest.f90 -llapack   -lblas  >&5
configure:5291: $? = 0
configure:5308: result: -llapack
configure:5273: checking for library containing dspev
configure:5291: mpiifort -o conftest -g  -L/shared/apps/intel/2022.1/compiler/latest/linux/compiler/lib  conftest.f90  -lblas  >&5
/tmp/ifxtYuqWU.o: In function `dspev_.void':
conftest.f90:(.text+0x37): undefined reference to `dspev_'
configure:5291: $? = 1
configure: failed program was:
|       program main
|       call dspev
|       end
configure:5291: mpiifort -o conftest -g  -L/shared/apps/intel/2022.1/compiler/latest/linux/compiler/lib  conftest.f90 -llapack-3   -lblas  >&5
ld: cannot find -llapack-3
configure:5291: $? = 1
configure: failed program was:
|       program main
|       call dspev
|       end
configure:5291: mpiifort -o conftest -g  -L/shared/apps/intel/2022.1/compiler/latest/linux/compiler/lib  conftest.f90 -llapack   -lblas  >&5
configure:5291: $? = 0
configure:5308: result: -llapack
configure:5273: checking for library containing dspev
configure:5291: mpiifort -o conftest -g  -L/shared/apps/intel/2022.1/compiler/latest/linux/compiler/lib/intel64_lin  conftest.f90  -lblas  >&5
/tmp/ifxLPOnHw.o: In function `dspev_.void':
conftest.f90:(.text+0x37): undefined reference to `dspev_'
configure:5291: $? = 1
configure: failed program was:
|       program main
|       call dspev
|       end
configure:5291: mpiifort -o conftest -g  -L/shared/apps/intel/2022.1/compiler/latest/linux/compiler/lib/intel64_lin  conftest.f90 -llapack-3   -lblas  >&5
ld: cannot find -llapack-3
configure:5291: $? = 1
configure: failed program was:
|       program main
|       call dspev
|       end
configure:5291: mpiifort -o conftest -g  -L/shared/apps/intel/2022.1/compiler/latest/linux/compiler/lib/intel64_lin  conftest.f90 -llapack   -lblas  >&5
configure:5291: $? = 0
configure:5308: result: -llapack
configure:5273: checking for library containing dspev
configure:5291: mpiifort -o conftest -g  -L/shared/apps/intel/2022.1/compiler/latest/linux/lib/oclfpga/linux64/lib  conftest.f90  -lblas  >&5
/tmp/ifxFR8hS1.o: In function `dspev_.void':
conftest.f90:(.text+0x37): undefined reference to `dspev_'
configure:5291: $? = 1
configure: failed program was:
|       program main
|       call dspev
|       end
configure:5291: mpiifort -o conftest -g  -L/shared/apps/intel/2022.1/compiler/latest/linux/lib/oclfpga/linux64/lib  conftest.f90 -llapack-3   -lblas  >&5
ld: cannot find -llapack-3
configure:5291: $? = 1
configure: failed program was:
|       program main
|       call dspev
|       end
configure:5291: mpiifort -o conftest -g  -L/shared/apps/intel/2022.1/compiler/latest/linux/lib/oclfpga/linux64/lib  conftest.f90 -llapack   -lblas  >&5
configure:5291: $? = 0
configure:5308: result: -llapack
configure:5273: checking for library containing dspev
configure:5291: mpiifort -o conftest -g  -L/shared/apps/intel/2022.1/compiler/latest/linux/lib/oclfpga/host/linux64/lib  conftest.f90  -lblas  >&5
/tmp/ifx765KFy.o: In function `dspev_.void':
conftest.f90:(.text+0x37): undefined reference to `dspev_'
configure:5291: $? = 1
configure: failed program was:
|       program main
|       call dspev
|       end
configure:5291: mpiifort -o conftest -g  -L/shared/apps/intel/2022.1/compiler/latest/linux/lib/oclfpga/host/linux64/lib  conftest.f90 -llapack-3   -lblas  >&5
ld: cannot find -llapack-3
configure:5291: $? = 1
configure: failed program was:
|       program main
|       call dspev
|       end
configure:5291: mpiifort -o conftest -g  -L/shared/apps/intel/2022.1/compiler/latest/linux/lib/oclfpga/host/linux64/lib  conftest.f90 -llapack   -lblas  >&5
configure:5291: $? = 0
configure:5308: result: -llapack
configure:5273: checking for library containing dspev
configure:5291: mpiifort -o conftest -g  -L/shared/apps/intel/2022.1/compiler/latest/linux/lib/emu  conftest.f90  -lblas  >&5
/tmp/ifxUJGfjy.o: In function `dspev_.void':
conftest.f90:(.text+0x37): undefined reference to `dspev_'
configure:5291: $? = 1
configure: failed program was:
|       program main
|       call dspev
|       end
configure:5291: mpiifort -o conftest -g  -L/shared/apps/intel/2022.1/compiler/latest/linux/lib/emu  conftest.f90 -llapack-3   -lblas  >&5
ld: cannot find -llapack-3
configure:5291: $? = 1
configure: failed program was:
|       program main
|       call dspev
|       end
configure:5291: mpiifort -o conftest -g  -L/shared/apps/intel/2022.1/compiler/latest/linux/lib/emu  conftest.f90 -llapack   -lblas  >&5
configure:5291: $? = 0
configure:5308: result: -llapack
configure:5273: checking for library containing dspev
configure:5291: mpiifort -o conftest -g  -L/shared/apps/intel/2022.1/compiler/latest/linux/lib/x64  conftest.f90  -lblas  >&5
/tmp/ifx1rfokL.o: In function `dspev_.void':
conftest.f90:(.text+0x37): undefined reference to `dspev_'
configure:5291: $? = 1
configure: failed program was:
|       program main
|       call dspev
|       end
configure:5291: mpiifort -o conftest -g  -L/shared/apps/intel/2022.1/compiler/latest/linux/lib/x64  conftest.f90 -llapack-3   -lblas  >&5
ld: cannot find -llapack-3
configure:5291: $? = 1
configure: failed program was:
|       program main
|       call dspev
|       end
configure:5291: mpiifort -o conftest -g  -L/shared/apps/intel/2022.1/compiler/latest/linux/lib/x64  conftest.f90 -llapack   -lblas  >&5
configure:5291: $? = 0
configure:5308: result: -llapack
configure:5273: checking for library containing dspev
configure:5291: mpiifort -o conftest -g  -L/shared/apps/intel/2022.1/compiler/latest/linux/lib  conftest.f90  -lblas  >&5
/tmp/ifxhOhn8Z.o: In function `dspev_.void':
conftest.f90:(.text+0x37): undefined reference to `dspev_'
configure:5291: $? = 1
configure: failed program was:
|       program main
|       call dspev
|       end
configure:5291: mpiifort -o conftest -g  -L/shared/apps/intel/2022.1/compiler/latest/linux/lib  conftest.f90 -llapack-3   -lblas  >&5
ld: cannot find -llapack-3
configure:5291: $? = 1
configure: failed program was:
|       program main
|       call dspev
|       end
configure:5291: mpiifort -o conftest -g  -L/shared/apps/intel/2022.1/compiler/latest/linux/lib  conftest.f90 -llapack   -lblas  >&5
configure:5291: $? = 0
configure:5308: result: -llapack
configure:5273: checking for library containing dspev
configure:5291: mpiifort -o conftest -g  -L/shared/apps/intel/2022.1/vpl/latest/lib  conftest.f90  -lblas  >&5
/tmp/ifxdtQ44g.o: In function `dspev_.void':
conftest.f90:(.text+0x37): undefined reference to `dspev_'
configure:5291: $? = 1
configure: failed program was:
|       program main
|       call dspev
|       end
configure:5291: mpiifort -o conftest -g  -L/shared/apps/intel/2022.1/vpl/latest/lib  conftest.f90 -llapack-3   -lblas  >&5
ld: cannot find -llapack-3
configure:5291: $? = 1
configure: failed program was:
|       program main
|       call dspev
|       end
configure:5291: mpiifort -o conftest -g  -L/shared/apps/intel/2022.1/vpl/latest/lib  conftest.f90 -llapack   -lblas  >&5
configure:5291: $? = 0
configure:5308: result: -llapack
configure:5273: checking for library containing dspev
configure:5291: mpiifort -o conftest -g  -L/shared/apps/intel/2022.1/tbb/latest/env/../lib/intel64/gcc4.8  conftest.f90  -lblas  >&5
/tmp/ifxKaWFQf.o: In function `dspev_.void':
conftest.f90:(.text+0x37): undefined reference to `dspev_'
configure:5291: $? = 1
configure: failed program was:
|       program main
|       call dspev
|       end
configure:5291: mpiifort -o conftest -g  -L/shared/apps/intel/2022.1/tbb/latest/env/../lib/intel64/gcc4.8  conftest.f90 -llapack-3   -lblas  >&5
ld: cannot find -llapack-3
configure:5291: $? = 1
configure: failed program was:
|       program main
|       call dspev
|       end
configure:5291: mpiifort -o conftest -g  -L/shared/apps/intel/2022.1/tbb/latest/env/../lib/intel64/gcc4.8  conftest.f90 -llapack   -lblas  >&5
configure:5291: $? = 0
configure:5308: result: -llapack
configure:5273: checking for library containing dspev
configure:5291: mpiifort -o conftest -g  -L/shared/apps/intel/2022.1/mkl/latest/lib/intel64  conftest.f90  -lblas  >&5
/tmp/ifxeL5RaR.o: In function `dspev_.void':
conftest.f90:(.text+0x37): undefined reference to `dspev_'
configure:5291: $? = 1
configure: failed program was:
|       program main
|       call dspev
|       end
configure:5291: mpiifort -o conftest -g  -L/shared/apps/intel/2022.1/mkl/latest/lib/intel64  conftest.f90 -llapack-3   -lblas  >&5
ld: cannot find -llapack-3
configure:5291: $? = 1
configure: failed program was:
|       program main
|       call dspev
|       end
configure:5291: mpiifort -o conftest -g  -L/shared/apps/intel/2022.1/mkl/latest/lib/intel64  conftest.f90 -llapack   -lblas  >&5
configure:5291: $? = 0
configure:5308: result: -llapack
configure:5273: checking for library containing dspev
configure:5291: mpiifort -o conftest -g  -L/shared/apps/intel/2022.1/itac/latest/slib  conftest.f90  -lblas  >&5
/tmp/ifxIf8nC3.o: In function `dspev_.void':
conftest.f90:(.text+0x37): undefined reference to `dspev_'
configure:5291: $? = 1
configure: failed program was:
|       program main
|       call dspev
|       end
configure:5291: mpiifort -o conftest -g  -L/shared/apps/intel/2022.1/itac/latest/slib  conftest.f90 -llapack-3   -lblas  >&5
ld: cannot find -llapack-3
configure:5291: $? = 1
configure: failed program was:
|       program main
|       call dspev
|       end
configure:5291: mpiifort -o conftest -g  -L/shared/apps/intel/2022.1/itac/latest/slib  conftest.f90 -llapack   -lblas  >&5
configure:5291: $? = 0
configure:5308: result: -llapack
configure:5273: checking for library containing dspev
configure:5291: mpiifort -o conftest -g  -L/shared/apps/intel/2022.1/ippcp/latest/lib/intel64  conftest.f90  -lblas  >&5
/tmp/ifxPX7Gjw.o: In function `dspev_.void':
conftest.f90:(.text+0x37): undefined reference to `dspev_'
configure:5291: $? = 1
configure: failed program was:
|       program main
|       call dspev
|       end
configure:5291: mpiifort -o conftest -g  -L/shared/apps/intel/2022.1/ippcp/latest/lib/intel64  conftest.f90 -llapack-3   -lblas  >&5
ld: cannot find -llapack-3
configure:5291: $? = 1
configure: failed program was:
|       program main
|       call dspev
|       end
configure:5291: mpiifort -o conftest -g  -L/shared/apps/intel/2022.1/ippcp/latest/lib/intel64  conftest.f90 -llapack   -lblas  >&5
configure:5291: $? = 0
configure:5308: result: -llapack
configure:5273: checking for library containing dspev
configure:5291: mpiifort -o conftest -g  -L/shared/apps/intel/2022.1/ipp/latest/lib/intel64  conftest.f90  -lblas  >&5
/tmp/ifxDPyrLk.o: In function `dspev_.void':
conftest.f90:(.text+0x37): undefined reference to `dspev_'
configure:5291: $? = 1
configure: failed program was:
|       program main
|       call dspev
|       end
configure:5291: mpiifort -o conftest -g  -L/shared/apps/intel/2022.1/ipp/latest/lib/intel64  conftest.f90 -llapack-3   -lblas  >&5
ld: cannot find -llapack-3
configure:5291: $? = 1
configure: failed program was:
|       program main
|       call dspev
|       end
configure:5291: mpiifort -o conftest -g  -L/shared/apps/intel/2022.1/ipp/latest/lib/intel64  conftest.f90 -llapack   -lblas  >&5
configure:5291: $? = 0
configure:5308: result: -llapack
configure:5273: checking for library containing dspev
configure:5291: mpiifort -o conftest -g  -L/shared/apps/intel/2022.1/dnnl/latest/lib  conftest.f90  -lblas  >&5
/tmp/ifxZb6UC5.o: In function `dspev_.void':
conftest.f90:(.text+0x37): undefined reference to `dspev_'
configure:5291: $? = 1
configure: failed program was:
|       program main
|       call dspev
|       end
configure:5291: mpiifort -o conftest -g  -L/shared/apps/intel/2022.1/dnnl/latest/lib  conftest.f90 -llapack-3   -lblas  >&5
ld: cannot find -llapack-3
configure:5291: $? = 1
configure: failed program was:
|       program main
|       call dspev
|       end
configure:5291: mpiifort -o conftest -g  -L/shared/apps/intel/2022.1/dnnl/latest/lib  conftest.f90 -llapack   -lblas  >&5
configure:5291: $? = 0
configure:5308: result: -llapack
configure:5273: checking for library containing dspev
configure:5291: mpiifort -o conftest -g  -L/shared/apps/intel/2022.1/debugger/latest/gdb/intel64/lib  conftest.f90  -lblas  >&5
/tmp/ifxwEGAAD.o: In function `dspev_.void':
conftest.f90:(.text+0x37): undefined reference to `dspev_'
configure:5291: $? = 1
configure: failed program was:
|       program main
|       call dspev
|       end
configure:5291: mpiifort -o conftest -g  -L/shared/apps/intel/2022.1/debugger/latest/gdb/intel64/lib  conftest.f90 -llapack-3   -lblas  >&5
ld: cannot find -llapack-3
configure:5291: $? = 1
configure: failed program was:
|       program main
|       call dspev
|       end
configure:5291: mpiifort -o conftest -g  -L/shared/apps/intel/2022.1/debugger/latest/gdb/intel64/lib  conftest.f90 -llapack   -lblas  >&5
configure:5291: $? = 0
configure:5308: result: -llapack
configure:5273: checking for library containing dspev
configure:5291: mpiifort -o conftest -g  -L/shared/apps/intel/2022.1/debugger/latest/libipt/intel64/lib  conftest.f90  -lblas  >&5
/tmp/ifx3jyTS1.o: In function `dspev_.void':
conftest.f90:(.text+0x37): undefined reference to `dspev_'
configure:5291: $? = 1
configure: failed program was:
|       program main
|       call dspev
|       end
configure:5291: mpiifort -o conftest -g  -L/shared/apps/intel/2022.1/debugger/latest/libipt/intel64/lib  conftest.f90 -llapack-3   -lblas  >&5
ld: cannot find -llapack-3
configure:5291: $? = 1
configure: failed program was:
|       program main
|       call dspev
|       end
configure:5291: mpiifort -o conftest -g  -L/shared/apps/intel/2022.1/debugger/latest/libipt/intel64/lib  conftest.f90 -llapack   -lblas  >&5
configure:5291: $? = 0
configure:5308: result: -llapack
configure:5273: checking for library containing dspev
configure:5291: mpiifort -o conftest -g  -L/shared/apps/intel/2022.1/debugger/latest/dep/lib  conftest.f90  -lblas  >&5
/tmp/ifxRe6JzN.o: In function `dspev_.void':
conftest.f90:(.text+0x37): undefined reference to `dspev_'
configure:5291: $? = 1
configure: failed program was:
|       program main
|       call dspev
|       end
configure:5291: mpiifort -o conftest -g  -L/shared/apps/intel/2022.1/debugger/latest/dep/lib  conftest.f90 -llapack-3   -lblas  >&5
ld: cannot find -llapack-3
configure:5291: $? = 1
configure: failed program was:
|       program main
|       call dspev
|       end
configure:5291: mpiifort -o conftest -g  -L/shared/apps/intel/2022.1/debugger/latest/dep/lib  conftest.f90 -llapack   -lblas  >&5
configure:5291: $? = 0
configure:5308: result: -llapack
configure:5273: checking for library containing dspev
configure:5291: mpiifort -o conftest -g  -L/shared/apps/intel/2022.1/dal/latest/lib/intel64  conftest.f90  -lblas  >&5
/tmp/ifxqTqWYv.o: In function `dspev_.void':
conftest.f90:(.text+0x37): undefined reference to `dspev_'
configure:5291: $? = 1
configure: failed program was:
|       program main
|       call dspev
|       end
configure:5291: mpiifort -o conftest -g  -L/shared/apps/intel/2022.1/dal/latest/lib/intel64  conftest.f90 -llapack-3   -lblas  >&5
ld: cannot find -llapack-3
configure:5291: $? = 1
configure: failed program was:
|       program main
|       call dspev
|       end
configure:5291: mpiifort -o conftest -g  -L/shared/apps/intel/2022.1/dal/latest/lib/intel64  conftest.f90 -llapack   -lblas  >&5
configure:5291: $? = 0
configure:5308: result: -llapack
configure:5273: checking for library containing dspev
configure:5291: mpiifort -o conftest -g  -L/shared/apps/intel/2022.1/ccl/latest/lib/cpu_gpu_dpcpp  conftest.f90  -lblas  >&5
/tmp/ifxRz5Oxu.o: In function `dspev_.void':
conftest.f90:(.text+0x37): undefined reference to `dspev_'
configure:5291: $? = 1
configure: failed program was:
|       program main
|       call dspev
|       end
configure:5291: mpiifort -o conftest -g  -L/shared/apps/intel/2022.1/ccl/latest/lib/cpu_gpu_dpcpp  conftest.f90 -llapack-3   -lblas  >&5
ld: cannot find -llapack-3
configure:5291: $? = 1
configure: failed program was:
|       program main
|       call dspev
|       end
configure:5291: mpiifort -o conftest -g  -L/shared/apps/intel/2022.1/ccl/latest/lib/cpu_gpu_dpcpp  conftest.f90 -llapack   -lblas  >&5
configure:5291: $? = 0
configure:5308: result: -llapack
configure:5273: checking for library containing dspev
configure:5291: mpiifort -o conftest -g  -L/opt/slurm/current/lib  conftest.f90  -lblas  >&5
/tmp/ifxoEuLPN.o: In function `dspev_.void':
conftest.f90:(.text+0x37): undefined reference to `dspev_'
configure:5291: $? = 1
configure: failed program was:
|       program main
|       call dspev
|       end
configure:5291: mpiifort -o conftest -g  -L/opt/slurm/current/lib  conftest.f90 -llapack-3   -lblas  >&5
ld: cannot find -llapack-3
configure:5291: $? = 1
configure: failed program was:
|       program main
|       call dspev
|       end
configure:5291: mpiifort -o conftest -g  -L/opt/slurm/current/lib  conftest.f90 -llapack   -lblas  >&5
configure:5291: $? = 0
configure:5308: result: -llapack
configure:5273: checking for library containing dspev
configure:5291: mpiifort -o conftest -g  -L/opt/slurm/current/lib/slurm  conftest.f90  -lblas  >&5
/tmp/ifxCG65lE.o: In function `dspev_.void':
conftest.f90:(.text+0x37): undefined reference to `dspev_'
configure:5291: $? = 1
configure: failed program was:
|       program main
|       call dspev
|       end
configure:5291: mpiifort -o conftest -g  -L/opt/slurm/current/lib/slurm  conftest.f90 -llapack-3   -lblas  >&5
ld: cannot find -llapack-3
configure:5291: $? = 1
configure: failed program was:
|       program main
|       call dspev
|       end
configure:5291: mpiifort -o conftest -g  -L/opt/slurm/current/lib/slurm  conftest.f90 -llapack   -lblas  >&5
configure:5291: $? = 0
configure:5308: result: -llapack
configure:5355: checking FFT
configure:5661: checking for library containing dfftw_execute_dft
configure:5679: mpiifort -o conftest -g     conftest.f90  >&5
/tmp/ifxR7bxFi.o: In function `dfftw_execute_dft_.void':
conftest.f90:(.text+0x37): undefined reference to `dfftw_execute_dft_'
configure:5679: $? = 1
configure: failed program was:
|       program main
|       call dfftw_execute_dft
|       end
configure:5679: mpiifort -o conftest -g     conftest.f90 -lfftw3 -lm  >&5
ld: cannot find -lfftw3
configure:5679: $? = 1
configure: failed program was:
|       program main
|       call dfftw_execute_dft
|       end
configure:5696: result: no
configure:5661: checking for library containing dfftw_execute_dft
configure:5679: mpiifort -o conftest -g   -L/usr/local/lib  conftest.f90  >&5
/tmp/ifx7rBDFQ.o: In function `dfftw_execute_dft_.void':
conftest.f90:(.text+0x37): undefined reference to `dfftw_execute_dft_'
configure:5679: $? = 1
configure: failed program was:
|       program main
|       call dfftw_execute_dft
|       end
configure:5679: mpiifort -o conftest -g   -L/usr/local/lib  conftest.f90 -lfftw3 -lm  >&5
ld: cannot find -lfftw3
configure:5679: $? = 1
configure: failed program was:
|       program main
|       call dfftw_execute_dft
|       end
configure:5696: result: no
configure:5661: checking for library containing dfftw_execute_dft
configure:5679: mpiifort -o conftest -g   -L/shared/apps/.intel/2022/.intelmpi/2022/scalapack/2.2.0/lib  conftest.f90  >&5
/tmp/ifxUza7L7.o: In function `dfftw_execute_dft_.void':
conftest.f90:(.text+0x37): undefined reference to `dfftw_execute_dft_'
configure:5679: $? = 1
configure: failed program was:
|       program main
|       call dfftw_execute_dft
|       end
configure:5679: mpiifort -o conftest -g   -L/shared/apps/.intel/2022/.intelmpi/2022/scalapack/2.2.0/lib  conftest.f90 -lfftw3 -lm  >&5
ld: cannot find -lfftw3
configure:5679: $? = 1
configure: failed program was:
|       program main
|       call dfftw_execute_dft
|       end
configure:5696: result: no
configure:5661: checking for library containing dfftw_execute_dft
configure:5679: mpiifort -o conftest -g   -L/shared/apps/.intel/2022/lapack/3.10.0/lib  conftest.f90  >&5
/tmp/ifxM44VhK.o: In function `dfftw_execute_dft_.void':
conftest.f90:(.text+0x37): undefined reference to `dfftw_execute_dft_'
configure:5679: $? = 1
configure: failed program was:
|       program main
|       call dfftw_execute_dft
|       end
configure:5679: mpiifort -o conftest -g   -L/shared/apps/.intel/2022/lapack/3.10.0/lib  conftest.f90 -lfftw3 -lm  >&5
ld: cannot find -lfftw3
configure:5679: $? = 1
configure: failed program was:
|       program main
|       call dfftw_execute_dft
|       end
configure:5696: result: no
configure:5661: checking for library containing dfftw_execute_dft
configure:5679: mpiifort -o conftest -g   -L/shared/apps/.intel/2022/intelmpi/2022.1/mpi/latest/libfabric/lib  conftest.f90  >&5
/tmp/ifxftWa6x.o: In function `dfftw_execute_dft_.void':
conftest.f90:(.text+0x37): undefined reference to `dfftw_execute_dft_'
configure:5679: $? = 1
configure: failed program was:
|       program main
|       call dfftw_execute_dft
|       end
configure:5679: mpiifort -o conftest -g   -L/shared/apps/.intel/2022/intelmpi/2022.1/mpi/latest/libfabric/lib  conftest.f90 -lfftw3 -lm  >&5
ld: cannot find -lfftw3
configure:5679: $? = 1
configure: failed program was:
|       program main
|       call dfftw_execute_dft
|       end
configure:5696: result: no
configure:5661: checking for library containing dfftw_execute_dft
configure:5679: mpiifort -o conftest -g   -L/shared/apps/.intel/2022/intelmpi/2022.1/mpi/latest/lib/release  conftest.f90  >&5
/tmp/ifxWuTn2b.o: In function `dfftw_execute_dft_.void':
conftest.f90:(.text+0x37): undefined reference to `dfftw_execute_dft_'
configure:5679: $? = 1
configure: failed program was:
|       program main
|       call dfftw_execute_dft
|       end
configure:5679: mpiifort -o conftest -g   -L/shared/apps/.intel/2022/intelmpi/2022.1/mpi/latest/lib/release  conftest.f90 -lfftw3 -lm  >&5
ld: cannot find -lfftw3
configure:5679: $? = 1
configure: failed program was:
|       program main
|       call dfftw_execute_dft
|       end
configure:5696: result: no
configure:5661: checking for library containing dfftw_execute_dft
configure:5679: mpiifort -o conftest -g   -L/shared/apps/.intel/2022/intelmpi/2022.1/mpi/latest/lib  conftest.f90  >&5
/tmp/ifxsXiPpT.o: In function `dfftw_execute_dft_.void':
conftest.f90:(.text+0x37): undefined reference to `dfftw_execute_dft_'
configure:5679: $? = 1
configure: failed program was:
|       program main
|       call dfftw_execute_dft
|       end
configure:5679: mpiifort -o conftest -g   -L/shared/apps/.intel/2022/intelmpi/2022.1/mpi/latest/lib  conftest.f90 -lfftw3 -lm  >&5
ld: cannot find -lfftw3
configure:5679: $? = 1
configure: failed program was:
|       program main
|       call dfftw_execute_dft
|       end
configure:5696: result: no
configure:5661: checking for library containing dfftw_execute_dft
configure:5679: mpiifort -o conftest -g   -L/shared/apps/intel/2022.1/dnnl/2021.1.1/cpu_dpcpp_gpu_dpcpp/lib  conftest.f90  >&5
/tmp/ifxnImEoY.o: In function `dfftw_execute_dft_.void':
conftest.f90:(.text+0x37): undefined reference to `dfftw_execute_dft_'
configure:5679: $? = 1
configure: failed program was:
|       program main
|       call dfftw_execute_dft
|       end
configure:5679: mpiifort -o conftest -g   -L/shared/apps/intel/2022.1/dnnl/2021.1.1/cpu_dpcpp_gpu_dpcpp/lib  conftest.f90 -lfftw3 -lm  >&5
ld: cannot find -lfftw3
configure:5679: $? = 1
configure: failed program was:
|       program main
|       call dfftw_execute_dft
|       end
configure:5696: result: no
configure:5661: checking for library containing dfftw_execute_dft
configure:5679: mpiifort -o conftest -g   -L/shared/apps/intel/2022.1/compiler/latest/linux/compiler/lib  conftest.f90  >&5
/tmp/ifxn398VS.o: In function `dfftw_execute_dft_.void':
conftest.f90:(.text+0x37): undefined reference to `dfftw_execute_dft_'
configure:5679: $? = 1
configure: failed program was:
|       program main
|       call dfftw_execute_dft
|       end
configure:5679: mpiifort -o conftest -g   -L/shared/apps/intel/2022.1/compiler/latest/linux/compiler/lib  conftest.f90 -lfftw3 -lm  >&5
ld: cannot find -lfftw3
configure:5679: $? = 1
configure: failed program was:
|       program main
|       call dfftw_execute_dft
|       end
configure:5696: result: no
configure:5661: checking for library containing dfftw_execute_dft
configure:5679: mpiifort -o conftest -g   -L/shared/apps/intel/2022.1/compiler/latest/linux/compiler/lib/intel64_lin  conftest.f90  >&5
/tmp/ifxeRv33u.o: In function `dfftw_execute_dft_.void':
conftest.f90:(.text+0x37): undefined reference to `dfftw_execute_dft_'
configure:5679: $? = 1
configure: failed program was:
|       program main
|       call dfftw_execute_dft
|       end
configure:5679: mpiifort -o conftest -g   -L/shared/apps/intel/2022.1/compiler/latest/linux/compiler/lib/intel64_lin  conftest.f90 -lfftw3 -lm  >&5
ld: cannot find -lfftw3
configure:5679: $? = 1
configure: failed program was:
|       program main
|       call dfftw_execute_dft
|       end
configure:5696: result: no
configure:5661: checking for library containing dfftw_execute_dft
configure:5679: mpiifort -o conftest -g   -L/shared/apps/intel/2022.1/compiler/latest/linux/lib/oclfpga/linux64/lib  conftest.f90  >&5
/tmp/ifxshb8Q9.o: In function `dfftw_execute_dft_.void':
conftest.f90:(.text+0x37): undefined reference to `dfftw_execute_dft_'
configure:5679: $? = 1
configure: failed program was:
|       program main
|       call dfftw_execute_dft
|       end
configure:5679: mpiifort -o conftest -g   -L/shared/apps/intel/2022.1/compiler/latest/linux/lib/oclfpga/linux64/lib  conftest.f90 -lfftw3 -lm  >&5
ld: cannot find -lfftw3
configure:5679: $? = 1
configure: failed program was:
|       program main
|       call dfftw_execute_dft
|       end
configure:5696: result: no
configure:5661: checking for library containing dfftw_execute_dft
configure:5679: mpiifort -o conftest -g   -L/shared/apps/intel/2022.1/compiler/latest/linux/lib/oclfpga/host/linux64/lib  conftest.f90  >&5
/tmp/ifxuWTvjh.o: In function `dfftw_execute_dft_.void':
conftest.f90:(.text+0x37): undefined reference to `dfftw_execute_dft_'
configure:5679: $? = 1
configure: failed program was:
|       program main
|       call dfftw_execute_dft
|       end
configure:5679: mpiifort -o conftest -g   -L/shared/apps/intel/2022.1/compiler/latest/linux/lib/oclfpga/host/linux64/lib  conftest.f90 -lfftw3 -lm  >&5
ld: cannot find -lfftw3
configure:5679: $? = 1
configure: failed program was:
|       program main
|       call dfftw_execute_dft
|       end
configure:5696: result: no
configure:5661: checking for library containing dfftw_execute_dft
configure:5679: mpiifort -o conftest -g   -L/shared/apps/intel/2022.1/compiler/latest/linux/lib/emu  conftest.f90  >&5
/tmp/ifxecmvgA.o: In function `dfftw_execute_dft_.void':
conftest.f90:(.text+0x37): undefined reference to `dfftw_execute_dft_'
configure:5679: $? = 1
configure: failed program was:
|       program main
|       call dfftw_execute_dft
|       end
configure:5679: mpiifort -o conftest -g   -L/shared/apps/intel/2022.1/compiler/latest/linux/lib/emu  conftest.f90 -lfftw3 -lm  >&5
ld: cannot find -lfftw3
configure:5679: $? = 1
configure: failed program was:
|       program main
|       call dfftw_execute_dft
|       end
configure:5696: result: no
configure:5661: checking for library containing dfftw_execute_dft
configure:5679: mpiifort -o conftest -g   -L/shared/apps/intel/2022.1/compiler/latest/linux/lib/x64  conftest.f90  >&5
/tmp/ifxKiEPTM.o: In function `dfftw_execute_dft_.void':
conftest.f90:(.text+0x37): undefined reference to `dfftw_execute_dft_'
configure:5679: $? = 1
configure: failed program was:
|       program main
|       call dfftw_execute_dft
|       end
configure:5679: mpiifort -o conftest -g   -L/shared/apps/intel/2022.1/compiler/latest/linux/lib/x64  conftest.f90 -lfftw3 -lm  >&5
ld: cannot find -lfftw3
configure:5679: $? = 1
configure: failed program was:
|       program main
|       call dfftw_execute_dft
|       end
configure:5696: result: no
configure:5661: checking for library containing dfftw_execute_dft
configure:5679: mpiifort -o conftest -g   -L/shared/apps/intel/2022.1/compiler/latest/linux/lib  conftest.f90  >&5
/tmp/ifx0bhd2k.o: In function `dfftw_execute_dft_.void':
conftest.f90:(.text+0x37): undefined reference to `dfftw_execute_dft_'
configure:5679: $? = 1
configure: failed program was:
|       program main
|       call dfftw_execute_dft
|       end
configure:5679: mpiifort -o conftest -g   -L/shared/apps/intel/2022.1/compiler/latest/linux/lib  conftest.f90 -lfftw3 -lm  >&5
ld: cannot find -lfftw3
configure:5679: $? = 1
configure: failed program was:
|       program main
|       call dfftw_execute_dft
|       end
configure:5696: result: no
configure:5661: checking for library containing dfftw_execute_dft
configure:5679: mpiifort -o conftest -g   -L/shared/apps/intel/2022.1/vpl/latest/lib  conftest.f90  >&5
/tmp/ifxWdY1j2.o: In function `dfftw_execute_dft_.void':
conftest.f90:(.text+0x37): undefined reference to `dfftw_execute_dft_'
configure:5679: $? = 1
configure: failed program was:
|       program main
|       call dfftw_execute_dft
|       end
configure:5679: mpiifort -o conftest -g   -L/shared/apps/intel/2022.1/vpl/latest/lib  conftest.f90 -lfftw3 -lm  >&5
ld: cannot find -lfftw3
configure:5679: $? = 1
configure: failed program was:
|       program main
|       call dfftw_execute_dft
|       end
configure:5696: result: no
configure:5661: checking for library containing dfftw_execute_dft
configure:5679: mpiifort -o conftest -g   -L/shared/apps/intel/2022.1/tbb/latest/env/../lib/intel64/gcc4.8  conftest.f90  >&5
/tmp/ifxGFLLhU.o: In function `dfftw_execute_dft_.void':
conftest.f90:(.text+0x37): undefined reference to `dfftw_execute_dft_'
configure:5679: $? = 1
configure: failed program was:
|       program main
|       call dfftw_execute_dft
|       end
configure:5679: mpiifort -o conftest -g   -L/shared/apps/intel/2022.1/tbb/latest/env/../lib/intel64/gcc4.8  conftest.f90 -lfftw3 -lm  >&5
ld: cannot find -lfftw3
configure:5679: $? = 1
configure: failed program was:
|       program main
|       call dfftw_execute_dft
|       end
configure:5696: result: no
configure:5661: checking for library containing dfftw_execute_dft
configure:5679: mpiifort -o conftest -g   -L/shared/apps/intel/2022.1/mkl/latest/lib/intel64  conftest.f90  >&5
/tmp/ifxF2WQ2X.o: In function `dfftw_execute_dft_.void':
conftest.f90:(.text+0x37): undefined reference to `dfftw_execute_dft_'
configure:5679: $? = 1
configure: failed program was:
|       program main
|       call dfftw_execute_dft
|       end
configure:5679: mpiifort -o conftest -g   -L/shared/apps/intel/2022.1/mkl/latest/lib/intel64  conftest.f90 -lfftw3 -lm  >&5
ld: cannot find -lfftw3
configure:5679: $? = 1
configure: failed program was:
|       program main
|       call dfftw_execute_dft
|       end
configure:5696: result: no
configure:5661: checking for library containing dfftw_execute_dft
configure:5679: mpiifort -o conftest -g   -L/shared/apps/intel/2022.1/itac/latest/slib  conftest.f90  >&5
/tmp/ifxZdlyDb.o: In function `dfftw_execute_dft_.void':
conftest.f90:(.text+0x37): undefined reference to `dfftw_execute_dft_'
configure:5679: $? = 1
configure: failed program was:
|       program main
|       call dfftw_execute_dft
|       end
configure:5679: mpiifort -o conftest -g   -L/shared/apps/intel/2022.1/itac/latest/slib  conftest.f90 -lfftw3 -lm  >&5
ld: cannot find -lfftw3
configure:5679: $? = 1
configure: failed program was:
|       program main
|       call dfftw_execute_dft
|       end
configure:5696: result: no
configure:5661: checking for library containing dfftw_execute_dft
configure:5679: mpiifort -o conftest -g   -L/shared/apps/intel/2022.1/ippcp/latest/lib/intel64  conftest.f90  >&5
/tmp/ifxuFG070.o: In function `dfftw_execute_dft_.void':
conftest.f90:(.text+0x37): undefined reference to `dfftw_execute_dft_'
configure:5679: $? = 1
configure: failed program was:
|       program main
|       call dfftw_execute_dft
|       end
configure:5679: mpiifort -o conftest -g   -L/shared/apps/intel/2022.1/ippcp/latest/lib/intel64  conftest.f90 -lfftw3 -lm  >&5
ld: cannot find -lfftw3
configure:5679: $? = 1
configure: failed program was:
|       program main
|       call dfftw_execute_dft
|       end
configure:5696: result: no
configure:5661: checking for library containing dfftw_execute_dft
configure:5679: mpiifort -o conftest -g   -L/shared/apps/intel/2022.1/ipp/latest/lib/intel64  conftest.f90  >&5
/tmp/ifxYCuzUn.o: In function `dfftw_execute_dft_.void':
conftest.f90:(.text+0x37): undefined reference to `dfftw_execute_dft_'
configure:5679: $? = 1
configure: failed program was:
|       program main
|       call dfftw_execute_dft
|       end
configure:5679: mpiifort -o conftest -g   -L/shared/apps/intel/2022.1/ipp/latest/lib/intel64  conftest.f90 -lfftw3 -lm  >&5
ld: cannot find -lfftw3
configure:5679: $? = 1
configure: failed program was:
|       program main
|       call dfftw_execute_dft
|       end
configure:5696: result: no
configure:5661: checking for library containing dfftw_execute_dft
configure:5679: mpiifort -o conftest -g   -L/shared/apps/intel/2022.1/dnnl/latest/lib  conftest.f90  >&5
/tmp/ifxmqmiWD.o: In function `dfftw_execute_dft_.void':
conftest.f90:(.text+0x37): undefined reference to `dfftw_execute_dft_'
configure:5679: $? = 1
configure: failed program was:
|       program main
|       call dfftw_execute_dft
|       end
configure:5679: mpiifort -o conftest -g   -L/shared/apps/intel/2022.1/dnnl/latest/lib  conftest.f90 -lfftw3 -lm  >&5
ld: cannot find -lfftw3
configure:5679: $? = 1
configure: failed program was:
|       program main
|       call dfftw_execute_dft
|       end
configure:5696: result: no
configure:5661: checking for library containing dfftw_execute_dft
configure:5679: mpiifort -o conftest -g   -L/shared/apps/intel/2022.1/debugger/latest/gdb/intel64/lib  conftest.f90  >&5
/tmp/ifxGStpKK.o: In function `dfftw_execute_dft_.void':
conftest.f90:(.text+0x37): undefined reference to `dfftw_execute_dft_'
configure:5679: $? = 1
configure: failed program was:
|       program main
|       call dfftw_execute_dft
|       end
configure:5679: mpiifort -o conftest -g   -L/shared/apps/intel/2022.1/debugger/latest/gdb/intel64/lib  conftest.f90 -lfftw3 -lm  >&5
ld: cannot find -lfftw3
configure:5679: $? = 1
configure: failed program was:
|       program main
|       call dfftw_execute_dft
|       end
configure:5696: result: no
configure:5661: checking for library containing dfftw_execute_dft
configure:5679: mpiifort -o conftest -g   -L/shared/apps/intel/2022.1/debugger/latest/libipt/intel64/lib  conftest.f90  >&5
/tmp/ifxRVypEi.o: In function `dfftw_execute_dft_.void':
conftest.f90:(.text+0x37): undefined reference to `dfftw_execute_dft_'
configure:5679: $? = 1
configure: failed program was:
|       program main
|       call dfftw_execute_dft
|       end
configure:5679: mpiifort -o conftest -g   -L/shared/apps/intel/2022.1/debugger/latest/libipt/intel64/lib  conftest.f90 -lfftw3 -lm  >&5
ld: cannot find -lfftw3
configure:5679: $? = 1
configure: failed program was:
|       program main
|       call dfftw_execute_dft
|       end
configure:5696: result: no
configure:5661: checking for library containing dfftw_execute_dft
configure:5679: mpiifort -o conftest -g   -L/shared/apps/intel/2022.1/debugger/latest/dep/lib  conftest.f90  >&5
/tmp/ifxtEzS0z.o: In function `dfftw_execute_dft_.void':
conftest.f90:(.text+0x37): undefined reference to `dfftw_execute_dft_'
configure:5679: $? = 1
configure: failed program was:
|       program main
|       call dfftw_execute_dft
|       end
configure:5679: mpiifort -o conftest -g   -L/shared/apps/intel/2022.1/debugger/latest/dep/lib  conftest.f90 -lfftw3 -lm  >&5
ld: cannot find -lfftw3
configure:5679: $? = 1
configure: failed program was:
|       program main
|       call dfftw_execute_dft
|       end
configure:5696: result: no
configure:5661: checking for library containing dfftw_execute_dft
configure:5679: mpiifort -o conftest -g   -L/shared/apps/intel/2022.1/dal/latest/lib/intel64  conftest.f90  >&5
/tmp/ifxabOKrz.o: In function `dfftw_execute_dft_.void':
conftest.f90:(.text+0x37): undefined reference to `dfftw_execute_dft_'
configure:5679: $? = 1
configure: failed program was:
|       program main
|       call dfftw_execute_dft
|       end
configure:5679: mpiifort -o conftest -g   -L/shared/apps/intel/2022.1/dal/latest/lib/intel64  conftest.f90 -lfftw3 -lm  >&5
ld: cannot find -lfftw3
configure:5679: $? = 1
configure: failed program was:
|       program main
|       call dfftw_execute_dft
|       end
configure:5696: result: no
configure:5661: checking for library containing dfftw_execute_dft
configure:5679: mpiifort -o conftest -g   -L/shared/apps/intel/2022.1/ccl/latest/lib/cpu_gpu_dpcpp  conftest.f90  >&5
/tmp/ifxPIjm26.o: In function `dfftw_execute_dft_.void':
conftest.f90:(.text+0x37): undefined reference to `dfftw_execute_dft_'
configure:5679: $? = 1
configure: failed program was:
|       program main
|       call dfftw_execute_dft
|       end
configure:5679: mpiifort -o conftest -g   -L/shared/apps/intel/2022.1/ccl/latest/lib/cpu_gpu_dpcpp  conftest.f90 -lfftw3 -lm  >&5
ld: cannot find -lfftw3
configure:5679: $? = 1
configure: failed program was:
|       program main
|       call dfftw_execute_dft
|       end
configure:5696: result: no
configure:5661: checking for library containing dfftw_execute_dft
configure:5679: mpiifort -o conftest -g   -L/opt/slurm/current/lib  conftest.f90  >&5
/tmp/ifxXetaZf.o: In function `dfftw_execute_dft_.void':
conftest.f90:(.text+0x37): undefined reference to `dfftw_execute_dft_'
configure:5679: $? = 1
configure: failed program was:
|       program main
|       call dfftw_execute_dft
|       end
configure:5679: mpiifort -o conftest -g   -L/opt/slurm/current/lib  conftest.f90 -lfftw3 -lm  >&5
ld: cannot find -lfftw3
configure:5679: $? = 1
configure: failed program was:
|       program main
|       call dfftw_execute_dft
|       end
configure:5696: result: no
configure:5661: checking for library containing dfftw_execute_dft
configure:5679: mpiifort -o conftest -g   -L/opt/slurm/current/lib/slurm  conftest.f90  >&5
/tmp/ifxoL2K6a.o: In function `dfftw_execute_dft_.void':
conftest.f90:(.text+0x37): undefined reference to `dfftw_execute_dft_'
configure:5679: $? = 1
configure: failed program was:
|       program main
|       call dfftw_execute_dft
|       end
configure:5679: mpiifort -o conftest -g   -L/opt/slurm/current/lib/slurm  conftest.f90 -lfftw3 -lm  >&5
ld: cannot find -lfftw3
configure:5679: $? = 1
configure: failed program was:
|       program main
|       call dfftw_execute_dft
|       end
configure:5696: result: no
configure:5759: result: 
configure:5955: checking MASS
configure:6192: result: 
configure:6223: checking for library containing mpi_init
configure:6241: mpiifort -o conftest -g   conftest.f90  >&5
configure:6241: $? = 0
configure:6258: result: none required
configure:6338: checking for library containing pdgemr2d
configure:6356: mpiifort -o conftest -g   conftest.f90  >&5
/tmp/ifxr2t6Po.o: In function `pdgemr2d_.void':
conftest.f90:(.text+0x37): undefined reference to `pdgemr2d_'
configure:6356: $? = 1
configure: failed program was:
|       program main
|       call pdgemr2d
|       end
configure:6356: mpiifort -o conftest -g   conftest.f90  >&5
/tmp/ifxQ7XNTN.o: In function `pdgemr2d_.void':
conftest.f90:(.text+0x37): undefined reference to `pdgemr2d_'
configure:6356: $? = 1
configure: failed program was:
|       program main
|       call pdgemr2d
|       end
configure:6373: result: no
configure:6445: checking for library containing pdgemr2d
configure:6463: mpiifort -o conftest -g   conftest.f90  -lsci >&5
ld: cannot find -lsci
configure:6463: $? = 1
configure: failed program was:
|       program main
|       call pdgemr2d
|       end
configure:6463: mpiifort -o conftest -g   conftest.f90  -lsci >&5
ld: cannot find -lsci
configure:6463: $? = 1
configure: failed program was:
|       program main
|       call pdgemr2d
|       end
configure:6480: result: no
configure:6495: checking for library containing pdgemr2d
configure:6513: mpiifort -o conftest -g   conftest.f90  -lscalapack >&5
configure:6513: $? = 0
configure:6530: result: none required
configure:6686: checking ELPA
configure:6762: result: 
configure:7269: checking for Environ
configure:7295: result: not used
configure:7315: result: checking if legacy plugins are enabled ...  no
configure:7373: checking for ranlib
configure:7389: found /usr/bin/ranlib
configure:7401: result: ranlib
configure:7427: checking for wget
configure:7443: found /usr/bin/wget
configure:7454: result: wget -O
configure:7513: checking for git
configure:7529: found /usr/bin/git
configure:7540: result: git
configure:7755: creating ./config.status

## ---------------------- ##
## Running config.status. ##
## ---------------------- ##

This file was extended by ESPRESSO config.status 7.3.1, which was
generated by GNU Autoconf 2.69.  Invocation command line was

  CONFIG_FILES    = 
  CONFIG_HEADERS  = 
  CONFIG_LINKS    = 
  CONFIG_COMMANDS = 
  $ ./config.status 

on logc0007

config.status:793: creating install/make_lapack.inc
config.status:793: creating include/configure.h
config.status:793: creating make.inc
config.status:793: creating configure.msg
config.status:793: creating install/make_wannier90.inc

## ---------------- ##
## Cache variables. ##
## ---------------- ##

ac_cv_build=x86_64-pc-linux-gnu
ac_cv_c_compiler_gnu=yes
ac_cv_env_CC_set=set
ac_cv_env_CC_value=/shared/apps/.intel/2022/intelmpi/2022.1/mpi/latest/bin/mpiicc
ac_cv_env_CFLAGS_set=
ac_cv_env_CFLAGS_value=
ac_cv_env_CPPFLAGS_set=
ac_cv_env_CPPFLAGS_value=
ac_cv_env_EXTLIB_FLAGS_set=
ac_cv_env_EXTLIB_FLAGS_value=
ac_cv_env_FCFLAGS_set=
ac_cv_env_FCFLAGS_value=
ac_cv_env_FC_set=set
ac_cv_env_FC_value=/shared/apps/.intel/2022/intelmpi/2022.1/mpi/latest/bin/mpiifort
ac_cv_env_LDFLAGS_set=
ac_cv_env_LDFLAGS_value=
ac_cv_env_LIBS_set=
ac_cv_env_LIBS_value=
ac_cv_env_build_alias_set=
ac_cv_env_build_alias_value=
ac_cv_env_host_alias_set=
ac_cv_env_host_alias_value=
ac_cv_env_target_alias_set=
ac_cv_env_target_alias_value=
ac_cv_fc_compiler_gnu=no
ac_cv_fc_srcext_f90=none
ac_cv_objext=o
ac_cv_prog_ac_ct_FC=mpiifort
ac_cv_prog_cc_c89=
ac_cv_prog_cc_g=yes
ac_cv_prog_fc_g=yes
ac_cv_prog_git=git
ac_cv_prog_make_make_set=yes
ac_cv_prog_ranlib=ranlib
ac_cv_prog_wget='wget -O'
ac_cv_search_dfftw_execute_dft=no
ac_cv_search_dgemm=-lblas
ac_cv_search_dspev=-llapack
ac_cv_search_mpi_init='none required'
ac_cv_search_pdgemr2d='none required'

## ----------------- ##
## Output variables. ##
## ----------------- ##

CC='/shared/apps/.intel/2022/intelmpi/2022.1/mpi/latest/bin/mpiicc'
CFLAGS='-O3'
CPPFLAGS='-O3'
Configured for compilation of parallel executables.'
DEFS='-DPACKAGE_NAME=\"ESPRESSO\" -DPACKAGE_TARNAME=\"espresso\" -DPACKAGE_VERSION=\"7.3.1\" -DPACKAGE_STRING=\"ESPRESSO\ 7.3.1\" -DPACKAGE_BUGREPORT=\"\" -DPACKAGE_URL=\"\"'
ECHO_C=''
ECHO_N='-n'
ECHO_T=''
EXEEXT=''
EXTLIB_FLAGS=''
FC='mpiifort'
FCFLAGS='-g'
FCFLAGS_f90=''
LDFLAGS=''
LIBOBJS=''
LIBS=' -lscalapack'
LIBS_LIBXC=''
LTLIBOBJS=''
OBJEXT='o'
PACKAGE_BUGREPORT=''
PACKAGE_NAME='ESPRESSO'
PACKAGE_STRING='ESPRESSO 7.3.1'
PACKAGE_TARNAME='espresso'
PACKAGE_URL=''
PACKAGE_VERSION='7.3.1'
PATH_SEPARATOR=':'
SET_MAKE=''
SHELL='/bin/sh'
ac_ct_CC=''
ac_ct_FC='mpiifort'
ar='ar'
arch='x86_64'
arflags='ruv'
bindir='${exec_prefix}/bin'
blas_libs=' -lblas '
blas_line='BLAS_LIBS= -lblas '
build='x86_64-pc-linux-gnu'
build_alias=''
build_cpu='x86_64'
build_os='linux-gnu'
build_vendor='pc'
cc='/shared/apps/.intel/2022/intelmpi/2022.1/mpi/latest/bin/mpiicc'
cflags='-O3'
cpp='cpp'
cppflags='-P -traditional -Uvector'
cuda_cflags=''
cuda_extlibs='devxlib'
cuda_fflags=''
cuda_libs=''
cuda_runtime=''
datadir='${datarootdir}'
datarootdir='${prefix}/share'
dflags=' -D__FFTW -D__MPI -D__SCALAPACK'
docdir='${datarootdir}/doc/${PACKAGE_TARNAME}'
dvidir='${docdir}'
elpa_libs=''
elpa_line='@delete@'
environ_libs=''
exec_prefix='${prefix}'
extfox=''
extlib_flags=''
f90='/shared/apps/intel/2022.1/compiler/latest/linux/bin/ifx'
f90flags='$(FFLAGS) -nomodule'
f90rule='$(MPIF90) $(F90FLAGS) -c $<'
fdflags='$(DFLAGS) $(MANUAL_DFLAGS)'
fflags='-O2 -assume byterecl -g -traceback'
fflags_nomain='-nofor_main'
fflags_noopt='-O0 -assume byterecl -g -traceback'
fft_libs=''
fft_line='FFT_LIBS='
foxflags=''
foxlibs=''
foxmods=''
git='git'
gpu_arch=''
hdf5_libs=''
hdf5_line=''
host_alias=''
htmldir='${docdir}'
iflags='-I. -I$(TOPDIR)/include'
imod='-I'
includedir='${prefix}/include'
infodir='${datarootdir}/info'
lapack_libs='-L/opt/slurm/current/lib/slurm -llapack  -lblas '
lapack_line='LAPACK_LIBS=-L/opt/slurm/current/lib/slurm -llapack  -lblas '
lapack_target=''
ld='mpiifort'
ld_libs=''
ldflags=''
libdir='${exec_prefix}/lib'
libexecdir='${exec_prefix}/libexec'
libxc_line=''
localedir='${datarootdir}/locale'
localstatedir='${prefix}/var'
mandir='${datarootdir}/man'
mass_libs=''
mass_line='@delete@'
mpi_libs=''
mpi_line='@delete@'
mpif90='mpiifort'
oldincludedir='/usr/include'
parallel_report='Parallel environment detected successfully.\
pdfdir='${docdir}'
pre_fdflags='-fpp -allow nofpp_comments '
prefix='/usr/local'
program_transform_name='s,x,x,'
psdir='${docdir}'
ranlib='ranlib'
runstatedir='${localstatedir}/run'
sbindir='${exec_prefix}/sbin'
scalapack_libs='-lscalapack'
scalapack_line='SCALAPACK_LIBS=-lscalapack'
sharedstatedir='${prefix}/com'
sysconfdir='${prefix}/etc'
target_alias=''
topdir='/home/yp94rucu/codes/q-e'
wget='wget -O'

## ----------- ##
## confdefs.h. ##
## ----------- ##

/* confdefs.h */
#define PACKAGE_NAME "ESPRESSO"
#define PACKAGE_TARNAME "espresso"
#define PACKAGE_VERSION "7.3.1"
#define PACKAGE_STRING "ESPRESSO 7.3.1"
#define PACKAGE_BUGREPORT ""
#define PACKAGE_URL ""

configure: exit 0
